tol = 1.49012e-08
index = 2000376, m = 2000376
alpha =  29.6073	beta =   193518
   0	6.842e+04	       0
   1	2.368e+04	   2.801
   2	1.505e+04	   4.439
   3	1.212e+04	   5.859
   4	1.112e+04	   7.447
   5	1.09e+04	   9.357
   6	1.093e+04	   11.71
   7	1.096e+04	   14.53
   8	1.087e+04	   17.77
   9	1.065e+04	   21.28
  10	1.032e+04	   24.91
  11	    9908	   28.52
  12	    9431	   32.02
  13	    8920	   35.34
  14	    8409	   38.46
  15	    7926	   41.37
  16	    7481	   44.07
  17	    7070	   46.58
  18	    6684	   48.91
  19	    6321	   51.08
  20	    5983	    53.1
  21	    5672	   54.98
  22	    5385	   56.73
  23	    5117	   58.37
  24	    4863	   59.91
  25	    4621	   61.34
  26	    4394	   62.68
  27	    4182	   63.94
  28	    3983	   65.12
  29	    3793	   66.22
  30	    3611	   67.25
  31	    3437	   68.21
  32	    3272	   69.12
  33	    3114	   69.96
  34	    2963	   70.74
  35	    2817	   71.48
  36	    2668	   72.15
  37	    2467	   72.77
  38	    2079	   73.27
  39	    1589	    73.6
  40	    1289	    73.8
  41	    1108	   73.94
  42	    1025	   74.05
  43	   991.2	   74.16
  44	   993.5	   74.26
  45	    1006	   74.37
  46	    1007	   74.47
  47	     989	   74.59
  48	   949.6	   74.69
  49	   891.8	   74.79
  50	   822.4	   74.88
  51	   749.1	   74.96
  52	   677.5	   75.02
  53	   611.2	   75.07
  54	   551.4	   75.11
  55	     498	   75.15
  56	   450.4	   75.18
  57	   407.5	   75.21
  58	   368.4	   75.23
  59	   332.3	   75.24
  60	   298.8	   75.26
  61	   267.7	   75.27
  62	   238.6	   75.28
  63	   211.6	   75.29
  64	   186.8	   75.29
  65	   164.1	    75.3
  66	   143.8	    75.3
  67	   125.8	    75.3
  68	   110.3	    75.3
  69	   97.25	   75.31
  70	    86.6	   75.31
  71	   78.17	   75.31
  72	   71.16	   75.31
  73	   62.27	   75.31
  74	   44.88	   75.31
  75	   23.46	   75.31
  76	   15.04	   75.31
  77	   27.47	   75.31
  78	   35.14	   75.31
  79	   10.68	   75.31
  80	   15.65	   75.31
  81	   11.27	   75.31
  82	   10.19	   75.31
  83	    7.54	   75.31
  84	   8.289	   75.31
  85	   4.764	   75.31
  86	   5.814	   75.31
  87	       4	   75.31
  88	   2.941	   75.31
  89	   3.228	   75.31
  90	   2.557	   75.31
  91	   1.834	   75.31
  92	   1.704	   75.31
  93	   1.824	   75.31
  94	   1.471	   75.31
  95	   1.192	   75.31
  96	   1.129	   75.31
  97	     1.2	   75.31
  98	    1.22	   75.31
  99	   1.038	   75.31
 100	  0.9176	   75.31
 101	  0.8935	   75.31
 102	  0.8856	   75.31
 103	  0.7947	   75.31
 104	  0.6646	   75.31
 105	  0.5735	   75.31
 106	  0.5173	   75.31
 107	  0.4596	   75.31
 108	  0.3775	   75.31
 109	    0.29	   75.31
 110	  0.2335	   75.31
 111	  0.2131	   75.31
 112	  0.2153	   75.31
 113	   0.197	   75.31
 114	   0.138	   75.31
 115	 0.09335	   75.31
 116	 0.08865	   75.31
 117	 0.08444	   75.31
 118	 0.06329	   75.31
 119	 0.05677	   75.31
 120	 0.04401	   75.31
 121	  0.0386	   75.31
 122	 0.03387	   75.31
 123	 0.03109	   75.31
 124	 0.02685	   75.31
 125	 0.02341	   75.31
 126	 0.02017	   75.31
 127	 0.01833	   75.31
 128	 0.01642	   75.31
 129	 0.01484	   75.31
 130	 0.01351	   75.31
 131	 0.01249	   75.31
 132	 0.01197	   75.31
 133	 0.01159	   75.31
 134	 0.01128	   75.31
 135	 0.01104	   75.31
 136	 0.01087	   75.31
 137	 0.01072	   75.31
 138	  0.0106	   75.31
 139	 0.01049	   75.31
 140	 0.01037	   75.31
 141	 0.01027	   75.31
 142	 0.01019	   75.31
 143	 0.01012	   75.31
 144	 0.01005	   75.31
 145	0.009982	   75.31
 146	0.009899	   75.31
 147	0.009797	   75.31
 148	0.009685	   75.31
 149	0.009587	   75.31
 150	0.009511	   75.31
 151	 0.00944	   75.31
 152	0.009352	   75.31
 153	0.009235	   75.31
 154	0.009102	   75.31
 155	0.008939	   75.31
 156	0.008701	   75.31
 157	0.008438	   75.31
 158	0.008102	   75.31
 159	0.007637	   75.31
 160	0.007126	   75.31
 161	0.006437	   75.31
 162	0.005756	   75.31
 163	0.004862	   75.31
 164	 0.00401	   75.31
 165	0.003137	   75.31
 166	0.002507	   75.31
 167	0.002054	   75.31
 168	0.001786	   75.31
 169	0.001612	   75.31
 170	0.001505	   75.31
 171	0.001443	   75.31
 172	0.001397	   75.31
 173	0.001368	   75.31
 174	0.001344	   75.31
 175	0.001324	   75.31
 176	0.001308	   75.31
 177	0.001294	   75.31
 178	0.001282	   75.31
 179	0.001271	   75.31
 180	 0.00126	   75.31
 181	0.001249	   75.31
 182	0.001237	   75.31
 183	0.001223	   75.31
 184	0.001206	   75.31
 185	0.001184	   75.31
 186	 0.00116	   75.31
 187	0.001133	   75.31
 188	0.001096	   75.31
 189	0.001038	   75.31
 190	0.0009666	   75.31
 191	0.0008925	   75.31
 192	0.0007931	   75.31
 193	0.0006594	   75.31
 194	0.000545	   75.31
 195	0.0004525	   75.31
 196	0.0003791	   75.31
 197	0.0003398	   75.31
 198	0.000318	   75.31
 199	0.0003057	   75.31
 200	0.0002987	   75.31
 201	0.0002928	   75.31
 202	0.000288	   75.31
 203	0.0002835	   75.31
 204	0.0002794	   75.31
 205	0.0002752	   75.31
 206	0.0002705	   75.31
 207	0.0002653	   75.31
 208	0.0002596	   75.31
 209	0.0002536	   75.31
 210	0.0002475	   75.31
 211	0.0002416	   75.31
 212	0.0002358	   75.31
 213	0.0002299	   75.31
 214	0.0002238	   75.31
 215	0.0002169	   75.31
 216	0.0002083	   75.31
 217	0.0001969	   75.31
 218	0.0001819	   75.31
 219	0.0001649	   75.31
 220	0.0001475	   75.31
 221	0.0001314	   75.31
 222	0.0001185	   75.31
 223	0.0001101	   75.31
 224	0.0001054	   75.31
 225	0.000103	   75.31
 226	0.0001016	   75.31
 227	0.0001003	   75.31
 228	9.88e-05	   75.31
 229	9.722e-05	   75.31
 230	9.572e-05	   75.31
 231	9.386e-05	   75.31
 232	9.149e-05	   75.31
 233	8.925e-05	   75.31
 234	8.628e-05	   75.31
 235	8.231e-05	   75.31
 236	7.849e-05	   75.31
 237	7.356e-05	   75.31
 238	6.835e-05	   75.31
 239	6.193e-05	   75.31
 240	5.575e-05	   75.31
 241	4.976e-05	   75.31
 242	4.386e-05	   75.31
 243	3.894e-05	   75.31
 244	3.552e-05	   75.31
 245	3.315e-05	   75.31
 246	3.163e-05	   75.31
 247	3.064e-05	   75.31
 248	2.999e-05	   75.31
 249	2.943e-05	   75.31
 250	2.896e-05	   75.31
 251	2.84e-05	   75.31
 252	2.773e-05	   75.31
 253	2.697e-05	   75.31
 254	2.608e-05	   75.31
 255	2.527e-05	   75.31
 256	2.453e-05	   75.31
 257	2.393e-05	   75.31
 258	2.338e-05	   75.31
 259	2.273e-05	   75.31
 260	2.202e-05	   75.31
 261	2.128e-05	   75.31
 262	2.045e-05	   75.31
 263	1.957e-05	   75.31
 264	1.865e-05	   75.31
 265	1.771e-05	   75.31
 266	1.681e-05	   75.31
 267	1.581e-05	   75.31
 268	1.455e-05	   75.31
 269	1.345e-05	   75.31
 270	1.266e-05	   75.31
 271	1.189e-05	   75.31
 272	1.12e-05	   75.31
 273	1.076e-05	   75.31
 274	1.044e-05	   75.31
 275	1.02e-05	   75.31
 276	   1e-05	   75.31
 277	9.829e-06	   75.31
 278	9.664e-06	   75.31
 279	9.466e-06	   75.31
 280	9.221e-06	   75.31
 281	8.929e-06	   75.31
 282	8.539e-06	   75.31
 283	7.993e-06	   75.31
 284	7.256e-06	   75.31
 285	6.396e-06	   75.31
 286	5.608e-06	   75.31
 287	5.004e-06	   75.31
 288	4.64e-06	   75.31
 289	4.448e-06	   75.31
 290	4.345e-06	   75.31
 291	4.274e-06	   75.31
 292	4.205e-06	   75.31
 293	4.135e-06	   75.31
 294	4.061e-06	   75.31
 295	3.981e-06	   75.31
 296	3.893e-06	   75.31
 297	3.787e-06	   75.31
 298	3.653e-06	   75.31
 299	3.487e-06	   75.31
 300	3.27e-06	   75.31
 301	3.006e-06	   75.31
 302	2.708e-06	   75.31
 303	2.412e-06	   75.31
 304	2.189e-06	   75.31
 305	2.038e-06	   75.31
 306	1.938e-06	   75.31
 307	1.876e-06	   75.31
 308	1.844e-06	   75.31
 309	1.824e-06	   75.31
 310	1.804e-06	   75.31
 311	1.783e-06	   75.31
 312	1.75e-06	   75.31
 313	1.709e-06	   75.31
 314	1.659e-06	   75.31
 315	1.584e-06	   75.31
 316	1.505e-06	   75.31
 317	1.408e-06	   75.31
 318	1.306e-06	   75.31
 319	1.203e-06	   75.31
 320	1.111e-06	   75.31
 321	1.033e-06	   75.31
 322	9.646e-07	   75.31
 323	9.12e-07	   75.31
 324	8.643e-07	   75.31
 325	8.286e-07	   75.31
 326	7.996e-07	   75.31
 327	7.739e-07	   75.31
 328	7.498e-07	   75.31
 329	7.25e-07	   75.31
 330	7.034e-07	   75.31
 331	6.823e-07	   75.31
 332	6.631e-07	   75.31
 333	6.408e-07	   75.31
 334	6.148e-07	   75.31
 335	5.827e-07	   75.31
 336	5.447e-07	   75.31
 337	5.098e-07	   75.31
 338	4.759e-07	   75.31
 339	4.482e-07	   75.31
 340	4.229e-07	   75.31
 341	4.031e-07	   75.31
 342	3.884e-07	   75.31
 343	3.744e-07	   75.31
 344	3.609e-07	   75.31
 345	3.475e-07	   75.31
 346	3.348e-07	   75.31
 347	3.247e-07	   75.31
 348	3.169e-07	   75.31
 349	3.094e-07	   75.31
 350	3.016e-07	   75.31
 351	2.942e-07	   75.31
 352	2.849e-07	   75.31
 353	2.724e-07	   75.31
 354	2.574e-07	   75.31
 355	2.392e-07	   75.31
 356	2.195e-07	   75.31
 357	2.029e-07	   75.31
 358	1.905e-07	   75.31
 359	1.817e-07	   75.31
 360	1.761e-07	   75.31
 361	1.718e-07	   75.31
 362	1.684e-07	   75.31
 363	1.652e-07	   75.31
 364	1.622e-07	   75.31
 365	1.585e-07	   75.31
 366	1.54e-07	   75.31
 367	1.477e-07	   75.31
 368	1.391e-07	   75.31
 369	1.278e-07	   75.31
 370	1.157e-07	   75.31
 371	1.061e-07	   75.31
 372	1.001e-07	   75.31
 373	9.588e-08	   75.31
 374	9.236e-08	   75.31
 375	8.923e-08	   75.31
 376	8.617e-08	   75.31
 377	8.345e-08	   75.31
 378	8.08e-08	   75.31
 379	7.838e-08	   75.31
 380	7.608e-08	   75.31
 381	7.36e-08	   75.31
 382	7.093e-08	   75.31
 383	6.839e-08	   75.31
 384	6.584e-08	   75.31
 385	6.309e-08	   75.31
 386	6.039e-08	   75.31
 387	5.689e-08	   75.31
 388	5.16e-08	   75.31
 389	4.651e-08	   75.31
 390	4.266e-08	   75.31
 391	3.993e-08	   75.31
 392	3.835e-08	   75.31
 393	3.727e-08	   75.31
 394	3.642e-08	   75.31
 395	3.556e-08	   75.31
 396	3.469e-08	   75.31
 397	3.373e-08	   75.31
 398	3.272e-08	   75.31
 399	3.173e-08	   75.31
 400	3.064e-08	   75.31
 401	2.949e-08	   75.31
 402	2.811e-08	   75.31
 403	2.665e-08	   75.31
 404	2.489e-08	   75.31
 405	2.316e-08	   75.31
 406	2.157e-08	   75.31
 407	2.062e-08	   75.31
 408	1.99e-08	   75.31
 409	1.93e-08	   75.31
 410	1.873e-08	   75.31
 411	1.82e-08	   75.31
 412	1.776e-08	   75.31
 413	1.736e-08	   75.31
 414	1.691e-08	   75.31
 415	1.632e-08	   75.31
 416	1.567e-08	   75.31
 417	1.501e-08	   75.31
 418	1.439e-08	   75.31
||x||_2 = 75.31
==================== TIMER SUMMARY =========================================
label               	calls     	total time	mean time	comp. intensity	 mean Gflop/s	mean Gbyte/s
----------------------------------------------
apply_preconditioning	       418	     2.295	   0.00549	      -nan	         0	         0
     apply_stencil3d	       419	    0.5669	  0.001353	    0.8066	        20	      24.8
               axpby	      1255	    0.3559	 0.0002836	     0.125	     22.18	     177.5
           cg_solver	         1	     4.631	     4.631	      -nan	         0	         0
                 dot	      1255	    0.1903	 0.0001516	     0.125	     27.66	     221.3
                init	         4	  0.004168	  0.001042	         0	         0	      16.1
      main_cg_solver	         1	     4.636	     4.636	      -nan	         0	         0
============================================================================
