tol = 1.49012e-08
   0	    1146	       0
   1	   815.5	  0.8816
   2	     842	   2.109
   3	   784.2	   3.681
   4	   678.4	   5.131
   5	     589	   6.307
   6	   528.4	   7.237
   7	   474.3	   7.976
   8	   405.3	   8.593
   9	   341.7	   9.128
  10	   295.7	   9.584
  11	   262.5	    9.96
  12	   234.6	   10.27
  13	   198.2	   10.51
  14	   135.5	   10.68
  15	   80.39	   10.75
  16	   82.86	   10.79
  17	   85.97	   10.84
  18	   70.43	   10.88
  19	   51.34	   10.91
  20	   39.97	   10.92
  21	   31.04	   10.93
  22	   24.09	   10.94
  23	   18.09	   10.95
  24	   12.64	   10.95
  25	   8.643	   10.95
  26	   6.072	   10.95
  27	   4.177	   10.95
  28	   2.444	   10.95
  29	   1.489	   10.95
  30	   1.533	   10.95
  31	  0.9564	   10.95
  32	   0.489	   10.95
  33	  0.4596	   10.95
  34	   0.188	   10.95
  35	  0.1696	   10.95
  36	    0.09	   10.95
  37	 0.09939	   10.95
  38	 0.06675	   10.95
  39	 0.06193	   10.95
  40	 0.04227	   10.95
  41	 0.02801	   10.95
  42	 0.02189	   10.95
  43	 0.01215	   10.95
  44	0.008329	   10.95
  45	0.005438	   10.95
  46	0.003128	   10.95
  47	0.002469	   10.95
  48	 0.00174	   10.95
  49	0.001161	   10.95
  50	0.0009772	   10.95
  51	0.0009007	   10.95
  52	0.0008956	   10.95
  53	0.0009255	   10.95
  54	0.0009537	   10.95
  55	0.0009662	   10.95
  56	0.0009312	   10.95
  57	  0.0008	   10.95
  58	0.0005953	   10.95
  59	0.0003868	   10.95
  60	0.0002449	   10.95
  61	0.0001988	   10.95
  62	0.0001913	   10.95
  63	0.0001919	   10.95
  64	0.0001929	   10.95
  65	0.0001939	   10.95
||x||_2 = 10.95
==================== TIMER SUMMARY =========================================
label               	calls     	total time	mean time	comp. intensity	 mean Gflop/s	mean Gbyte/s
----------------------------------------------
apply_preconditioning	        65	     6.982	    0.1074	      -nan	         0	         0
     apply_stencil3d	        66	   0.01387	 0.0002102	    0.7891	     1.969	     2.495
               axpby	       261	  0.003664	 1.404e-05	     0.125	     7.003	     56.02
           cg_solver	         1	     7.012	     7.012	      -nan	         0	         0
                copy	        65	  0.001219	 1.875e-05	         0	         0	     1.748
                 dot	       261	   0.00445	 1.705e-05	     0.125	     3.844	     30.75
                init	         5	  0.000322	 6.439e-05	         0	         0	     4.071
      main_cg_solver	         1	     7.019	     7.019	      -nan	         0	         0
============================================================================
