tol = 1.49012e-08
   0
19.6934
27.8464
33.4989
38.1364
41.7625
45.0318
47.9767
50.4845
52.8321
54.8848
56.8579
59.0128
61.2692
62.8717
63.4929
63.7282
63.8724
63.9507
63.9778
63.99
63.9965
63.9987
63.9996
63.9999
  64
  64
  64
  64
  64
  64
  64
  64
  64
  64
  64
  64
  64
  64
  64
  64
  64
  64
  64
  64
  64
  64
  64
  64
  64
  64
||x||_2 = 64
==================== TIMER SUMMARY =========================================
label               	calls     	total time	mean time	comp. intensity	 mean Gflop/s	mean Gbyte/s
----------------------------------------------
     apply_stencil3d	        51	 0.0064178	0.000125839	  0.765532	  0.398731	  0.520855
               axpby	       151	0.00174259	1.15403e-05	     0.125	   1.06479	   8.51831
       cg_solver_pre	         1	 0.0103726	 0.0103726	         1	1.11726e-317	1.11726e-317
                 dot	       101	0.00158933	1.5736e-05	     0.125	  0.520591	   4.16473
                init	         2	0.000111049	5.55245e-05	         0	         0	  0.590154
  main_cg_solver_pre	         1	 0.0461144	 0.0461144	-4.5454e-190	7.39122e-321	-1.62639e-131
============================================================================
