tol = 1.49012e-08
   0	1.313e+06	       0
   1	2.815e-15	    10.1
   2	3.194e-16	    10.1
   3	1.613e-18	    10.1
||x||_2 = 10.1
==================== TIMER SUMMARY =========================================
label               	calls     	total time	mean time	comp. intensity	 mean Gflop/s	mean Gbyte/s
----------------------------------------------
apply_preconditioning	         4	     6.583	     1.646	      -nan	         0	         0
     apply_stencil3d	         4	  0.001522	 0.0003804	    0.7891	     1.088	     1.378
               axpby	        10	 0.0002654	 2.654e-05	     0.125	     3.705	     29.64
       cg_solver_pre	         1	     6.587	     6.587	         1	 4.897e-12	 4.897e-12
                 dot	        11	 0.0001895	 1.723e-05	     0.125	     3.804	     30.43
                init	         3	 0.0001898	 6.326e-05	         0	         0	     4.144
  main_cg_solver_pre	         1	     6.592	     6.592	        -0	1.758e-320	-2.874e+224
============================================================================
tol = 1.49012e-08
   0	1.313e+06	       0
   1	2.815e-15	    10.1
   2	3.194e-16	    10.1
   3	1.613e-18	    10.1
||x||_2 = 10.1
==================== TIMER SUMMARY =========================================
label               	calls     	total time	mean time	comp. intensity	 mean Gflop/s	mean Gbyte/s
----------------------------------------------
apply_preconditioning	         3	     4.991	     1.664	      -nan	         0	         0
     apply_stencil3d	         4	  0.001485	 0.0003713	    0.7891	     1.114	     1.412
               axpby	        10	 0.0004626	 4.626e-05	     0.125	     2.125	        17
       cg_solver_pre	         1	     4.994	     4.994	         1	  6.46e-12	  6.46e-12
                 dot	        10	 0.0001762	 1.762e-05	     0.125	      3.72	     29.76
                init	         3	 0.0002022	  6.74e-05	         0	         0	      3.89
  main_cg_solver_pre	         1	     4.998	     4.998	        -0	2.319e-320	-2.374e+204
============================================================================
