   0	2.384e+07	2.153e+06
   1	5.961e+06	5.383e+05
   2	2.65e+06	2.393e+05
   3	1.492e+06	1.347e+05
   4	9.568e+05	8.64e+04
   5	6.732e+05	6.079e+04
   6	5.948e+05	5.371e+04
   7	7.09e+05	6.402e+04
   8	3.987e+05	 3.6e+04
   9	4.576e+05	4.132e+04
  10	3.363e+05	3.037e+04
  11	3.436e+05	3.103e+04
  12	3.492e+05	3.153e+04
  13	3.364e+05	3.037e+04
  14	2.291e+05	2.069e+04
  15	3.165e+05	2.858e+04
  16	2.083e+05	1.881e+04
  17	2.244e+05	2.026e+04
  18	2.136e+05	1.929e+04
  19	1.752e+05	1.582e+04
  20	1.863e+05	1.682e+04
  21	1.593e+05	1.438e+04
  22	1.649e+05	1.489e+04
  23	1.392e+05	1.257e+04
  24	1.474e+05	1.331e+04
  25	1.292e+05	1.167e+04
  26	1.243e+05	1.122e+04
  27	1.304e+05	1.178e+04
  28	1.04e+05	    9395
  29	1.22e+05	1.102e+04
  30	1.013e+05	    9151
  31	1.005e+05	    9075
  32	1.067e+05	    9632
  33	8.575e+04	    7743
  34	1.008e+05	    9102
  35	8.54e+04	    7712
  36	8.508e+04	    7683
  37	8.956e+04	    8087
  38	7.52e+04	    6791
  39	8.536e+04	    7708
  40	7.517e+04	    6788
  41	7.517e+04	    6787
  42	7.738e+04	    6988
  43	6.864e+04	    6198
  44	7.483e+04	    6757
  45	6.809e+04	    6149
  46	6.876e+04	    6209
  47	6.891e+04	    6223
  48	6.43e+04	    5807
  49	6.788e+04	    6129
  50	6.303e+04	    5691
  51	6.463e+04	    5835
  52	6.316e+04	    5704
  53	6.13e+04	    5535
  54	6.34e+04	    5725
  55	5.939e+04	    5363
  56	6.196e+04	    5595
  57	5.938e+04	    5362
  58	5.915e+04	    5341
  59	6.062e+04	    5474
  60	5.685e+04	    5133
  61	6.026e+04	    5441
  62	5.702e+04	    5148
  63	5.76e+04	    5201
  64	 5.9e+04	    5327
  65	5.514e+04	    4979
  66	5.917e+04	    5343
  67	5.566e+04	    5026
  68	5.648e+04	    5100
  69	5.814e+04	    5249
  70	5.409e+04	    4885
  71	5.847e+04	    5280
  72	5.502e+04	    4968
  73	5.57e+04	    5029
  74	5.776e+04	    5215
  75	5.354e+04	    4834
  76	 5.8e+04	    5237
  77	5.485e+04	    4953
  78	5.517e+04	    4981
  79	5.765e+04	    5206
  80	5.334e+04	    4816
  81	5.765e+04	    5205
  82	5.498e+04	    4964
  83	5.482e+04	    4950
  84	5.766e+04	    5207
  85	5.338e+04	    4820
  86	5.735e+04	    5178
  87	5.525e+04	    4989
  88	5.461e+04	    4931
  89	5.768e+04	    5208
  90	5.354e+04	    4835
  91	5.704e+04	    5151
  92	5.554e+04	    5015
  93	5.445e+04	    4917
  94	5.762e+04	    5203
  95	5.375e+04	    4853
  96	5.67e+04	    5120
  97	5.575e+04	    5034
  98	5.431e+04	    4904
  99	5.743e+04	    5186
 100	5.391e+04	    4868
 101	5.629e+04	    5083
||x||_2 = 149.9
==================== TIMER SUMMARY =========================================
label               	calls     	total time	mean time	comp. intensity	 mean Gflop/s	mean Gbyte/s
----------------------------------------------
        apply_jacobi	       102	     3.004	   0.02945	         1	     58.67	     58.67
     apply_stencil3d	       102	     10.98	    0.1077	   -0.4315	    -13.85	     32.09
               axpby	       304	     8.979	   0.02954	     0.125	     21.94	     175.5
                 dot	       203	     3.035	   0.01495	     0.125	     28.89	     231.1
                init	         2	    0.0556	    0.0278	         0	         0	     62.16
                main	         1	     26.56	     26.56	-6.576e-118	4.363e-321	-6.636e-204
preconditioned cg_solver	         1	     26.38	     26.38	         1	 6.328e-14	 6.328e-14
============================================================================
