tol = 1.49012e-08
9.72e+07
0.130103
0.0269373
9.63393e-05
6.54585e-05
9.0825e-07
1.07026e-07
5.80417e-09
9.88031e-11
2.16564e-11
7.97877e-14
5.45096e-14
8.22819e-16
9.10787e-17
||x||_2 = 64
==================== TIMER SUMMARY =========================================
label               	calls     	total time	mean time	comp. intensity	 mean Gflop/s	mean Gbyte/s
----------------------------------------------
apply_preconditioning	        13	   1.02499	 0.0788451	      -nan	         0	         0
     apply_stencil3d	        14	0.00209376	0.000149554	  0.765532	  0.335503	  0.438262
               axpby	        40	0.000673284	1.68321e-05	     0.125	  0.730034	   5.84027
       cg_solver_pre	         1	   1.03199	   1.03199	         1	1.12296e-319	1.12296e-319
                 dot	        40	0.00361412	9.03531e-05	     0.125	 0.0906665	  0.725332
                init	         3	0.000148079	4.93598e-05	         0	         0	   0.66386
  main_cg_solver_pre	         1	   1.07401	   1.07401	        -0	3.16202e-322	-4.53915e+204
============================================================================
