tol = 1.49012e-08
   0
63.9945
64.0007
64.0003
  64
  64
  64
  64
  64
  64
  64
  64
  64
  64
||x||_2 = 64
==================== TIMER SUMMARY =========================================
label               	calls     	total time	mean time	comp. intensity	 mean Gflop/s	mean Gbyte/s
----------------------------------------------
apply_preconditioning	        13	  0.993447	  0.076419	      -nan	         0	         0
     apply_stencil3d	        14	0.00196863	0.000140616	  0.765532	  0.356829	  0.466119
               axpby	        40	0.000716213	1.79053e-05	     0.125	  0.686276	   5.49021
       cg_solver_pre	         1	  0.997852	  0.997852	         1	1.16135e-319	1.16135e-319
                 dot	        40	0.000753745	1.88436e-05	     0.125	  0.434736	   3.47789
                init	         3	0.000138486	4.61619e-05	         0	         0	  0.709849
  main_cg_solver_pre	         1	   1.03051	   1.03051	       inf	1.12454e-319	         0
============================================================================
