tol = 1.49012e-08
9.72e+07
2.74752e+07
1.69695e+07
1.04797e+07
8.25832e+06
5.96396e+06
4.60567e+06
3.54804e+06
2.81284e+06
2.24361e+06
1.83813e+06
1.68896e+06
1.67282e+06
1.35989e+06
605395
201914
98787.6
60294.9
22912.2
8090.48
4433.86
1612.21
603.765
196.567
68.5154
14.6597
3.12143
0.608162
0.0911854
0.0207914
0.00823986
0.00291814
0.000876236
0.000258723
0.000117378
3.65782e-05
5.79947e-06
1.6723e-06
4.68429e-07
7.44706e-08
1.32219e-08
3.63716e-09
7.70537e-10
1.20265e-10
1.81838e-11
2.89407e-12
3.73701e-13
6.54939e-14
1.35183e-14
1.58653e-15
1.93786e-16
||x||_2 = 64
==================== TIMER SUMMARY =========================================
label               	calls     	total time	mean time	comp. intensity	 mean Gflop/s	mean Gbyte/s
----------------------------------------------
     apply_stencil3d	        51	0.00620829	0.000121731	  0.765532	  0.412187	  0.538432
               axpby	       151	0.00179365	1.18784e-05	     0.125	   1.03448	   8.27583
       cg_solver_pre	         1	 0.0102511	 0.0102511	         1	1.13049e-317	1.13049e-317
                 dot	       101	0.00164051	1.62427e-05	     0.125	   0.50435	    4.0348
                init	         2	9.38049e-05	4.69025e-05	         0	         0	  0.698642
  main_cg_solver_pre	         1	 0.0418531	 0.0418531	       inf	2.76893e-318	         0
============================================================================
