tol = 1.49012e-08
   0	4.682e+09	       0
   1	1.192e+09	   2.128
   2	5.543e+08	   3.204
   3	3.384e+08	   4.088
   4	2.562e+08	   4.897
   5	3.115e+08	   5.575
   6	2.401e+08	   6.089
   7	2.209e+08	   6.841
   8	2.557e+08	   7.423
   9	2.673e+08	   8.132
  10	2.439e+08	    8.67
  11	2.544e+08	   9.504
  12	2.452e+08	    10.2
  13	2.788e+08	   10.99
  14	2.276e+08	   11.91
  15	2.85e+08	   12.76
  16	2.473e+08	   13.79
  17	2.514e+08	   14.74
  18	2.824e+08	   15.83
  19	2.303e+08	   16.91
  20	2.797e+08	   18.03
  21	2.421e+08	   19.21
  22	2.45e+08	   20.33
  23	2.596e+08	   21.58
  24	2.215e+08	   22.72
  25	2.502e+08	   23.96
  26	2.202e+08	   25.17
  27	2.208e+08	   26.32
  28	2.222e+08	   27.58
  29	1.975e+08	   28.68
  30	2.105e+08	   29.88
  31	1.879e+08	   31.02
  32	1.875e+08	    32.1
  33	1.822e+08	   33.26
  34	1.669e+08	   34.26
  35	1.714e+08	   35.35
  36	1.546e+08	   36.37
  37	1.542e+08	   37.33
  38	1.466e+08	   38.35
  39	1.372e+08	   39.24
  40	1.379e+08	   40.19
  41	1.251e+08	   41.08
  42	1.251e+08	   41.92
  43	1.175e+08	    42.8
  44	1.114e+08	   43.58
  45	1.108e+08	   44.39
  46	1.009e+08	   45.17
  47	1.011e+08	   45.89
  48	9.44e+07	   46.65
  49	9.005e+07	   47.33
  50	8.914e+07	   48.02
  51	8.129e+07	   48.69
  52	8.159e+07	   49.31
  53	7.601e+07	   49.96
  54	7.266e+07	   50.55
  55	7.183e+07	   51.14
  56	6.551e+07	   51.72
  57	6.575e+07	   52.25
  58	6.127e+07	   52.81
  59	5.849e+07	   53.31
  60	5.785e+07	   53.82
  61	5.273e+07	   54.31
  62	5.283e+07	   54.77
  63	4.933e+07	   55.24
  64	4.691e+07	   55.67
  65	4.646e+07	    56.1
  66	4.232e+07	   56.52
  67	4.226e+07	   56.91
  68	3.958e+07	   57.31
  69	3.745e+07	   57.68
  70	3.713e+07	   58.04
  71	3.381e+07	    58.4
  72	3.36e+07	   58.73
  73	3.159e+07	   59.06
  74	2.972e+07	   59.37
  75	2.947e+07	   59.68
  76	2.684e+07	   59.97
  77	2.651e+07	   60.25
  78	2.503e+07	   60.53
  79	2.339e+07	   60.78
  80	2.319e+07	   61.04
  81	2.113e+07	   61.28
  82	2.072e+07	   61.51
  83	1.964e+07	   61.74
  84	1.824e+07	   61.95
  85	1.805e+07	   62.16
  86	1.646e+07	   62.36
  87	 1.6e+07	   62.55
  88	1.522e+07	   62.73
  89	1.404e+07	   62.91
  90	1.386e+07	   63.07
  91	1.265e+07	   63.23
  92	1.218e+07	   63.38
  93	1.161e+07	   63.53
  94	1.064e+07	   63.67
  95	1.045e+07	    63.8
  96	9.544e+06	   63.93
  97	9.097e+06	   64.05
  98	8.679e+06	   64.16
  99	7.901e+06	   64.27
 100	7.706e+06	   64.37
 101	7.038e+06	   64.47
 102	6.635e+06	   64.56
 103	6.334e+06	   64.65
 104	5.749e+06	   64.73
 105	5.61e+06	   64.81
 106	5.222e+06	   64.88
 107	5.043e+06	   64.95
 108	5.108e+06	   65.02
 109	5.049e+06	   65.09
 110	5.503e+06	   65.17
 111	5.871e+06	   65.25
 112	6.373e+06	   65.34
 113	7.068e+06	   65.44
 114	7.232e+06	   65.54
 115	7.692e+06	   65.65
 116	7.788e+06	   65.77
 117	7.82e+06	   65.89
 118	8.07e+06	   66.02
 119	 7.7e+06	   66.15
 120	7.596e+06	   66.27
 121	7.208e+06	   66.39
 122	6.733e+06	   66.51
 123	6.522e+06	   66.62
 124	5.893e+06	   66.73
 125	5.529e+06	   66.83
 126	5.098e+06	   66.92
 127	4.612e+06	   67.01
 128	4.355e+06	   67.09
 129	3.879e+06	   67.16
 130	3.601e+06	   67.23
 131	3.335e+06	    67.3
 132	3.005e+06	   67.35
 133	2.842e+06	   67.41
 134	2.571e+06	   67.46
 135	2.408e+06	   67.51
 136	2.263e+06	   67.55
 137	2.059e+06	   67.59
 138	1.982e+06	   67.63
 139	1.831e+06	   67.67
 140	1.727e+06	   67.71
 141	1.652e+06	   67.74
 142	1.529e+06	   67.77
 143	1.486e+06	    67.8
 144	1.391e+06	   67.83
 145	1.321e+06	   67.86
 146	1.282e+06	   67.88
 147	1.192e+06	   67.91
 148	1.16e+06	   67.93
 149	1.099e+06	   67.96
 150	1.041e+06	   67.98
 151	1.011e+06	      68
 152	9.418e+05	   68.02
 153	9.136e+05	   68.04
 154	8.642e+05	   68.06
 155	8.134e+05	   68.08
 156	7.89e+05	    68.1
 157	7.311e+05	   68.11
 158	7.02e+05	   68.13
 159	6.642e+05	   68.14
 160	6.184e+05	   68.16
 161	5.952e+05	   68.17
 162	5.498e+05	   68.18
 163	5.221e+05	   68.19
 164	4.916e+05	   68.21
 165	4.541e+05	   68.22
 166	4.343e+05	   68.23
 167	3.988e+05	   68.24
 168	3.752e+05	   68.25
 169	3.527e+05	   68.25
 170	3.228e+05	   68.26
 171	3.068e+05	   68.27
 172	2.814e+05	   68.28
 173	2.619e+05	   68.28
 174	2.458e+05	   68.29
 175	2.238e+05	   68.29
 176	2.111e+05	    68.3
 177	1.934e+05	    68.3
 178	1.786e+05	   68.31
 179	1.67e+05	   68.31
 180	1.513e+05	   68.32
 181	1.419e+05	   68.32
 182	1.296e+05	   68.32
 183	1.187e+05	   68.33
 184	1.108e+05	   68.33
 185	9.975e+04	   68.33
 186	9.282e+04	   68.33
 187	8.466e+04	   68.34
 188	7.683e+04	   68.34
 189	7.135e+04	   68.34
 190	6.398e+04	   68.34
 191	5.904e+04	   68.34
 192	5.364e+04	   68.35
 193	4.846e+04	   68.35
 194	4.464e+04	   68.35
 195	4.02e+04	   68.35
 196	3.684e+04	   68.35
 197	3.34e+04	   68.35
 198	2.994e+04	   68.35
 199	2.757e+04	   68.35
 200	2.489e+04	   68.35
 201	2.249e+04	   68.35
 202	2.077e+04	   68.35
 203	1.857e+04	   68.35
 204	1.722e+04	   68.35
 205	1.565e+04	   68.36
 206	1.428e+04	   68.36
 207	1.337e+04	   68.36
 208	1.207e+04	   68.36
 209	1.143e+04	   68.36
 210	1.049e+04	   68.36
 211	    9782	   68.36
 212	    9173	   68.36
 213	    8355	   68.36
 214	    7670	   68.36
 215	    6747	   68.36
 216	    5642	   68.36
 217	    4547	   68.36
 218	    3278	   68.36
 219	    2276	   68.36
 220	    1454	   68.36
 221	   918.2	   68.36
 222	   626.8	   68.36
 223	   495.3	   68.36
 224	   523.2	   68.36
 225	   742.1	   68.36
 226	    1282	   68.36
 227	    2425	   68.36
 228	    3723	   68.36
 229	    3836	   68.36
 230	    2397	   68.36
 231	    1066	   68.36
 232	   461.6	   68.36
 233	   255.1	   68.36
 234	   238.7	   68.36
 235	     387	   68.36
 236	   706.1	   68.36
 237	   911.2	   68.36
 238	   607.7	   68.36
 239	   287.6	   68.36
 240	   173.3	   68.36
 241	   183.7	   68.36
 242	   298.9	   68.36
 243	   400.9	   68.36
 244	   275.7	   68.36
 245	     141	   68.36
 246	   97.77	   68.36
 247	     123	   68.36
 248	   183.5	   68.36
 249	   158.7	   68.36
 250	   87.47	   68.36
 251	   58.83	   68.36
 252	   70.96	   68.36
 253	   102.9	   68.36
 254	   86.04	   68.36
 255	   48.57	   68.36
 256	   37.79	   68.36
 257	    48.8	   68.36
 258	   59.28	   68.36
 259	   39.25	   68.36
 260	   24.47	   68.36
 261	   25.94	   68.36
 262	   34.81	   68.36
 263	   29.61	   68.36
 264	   17.46	   68.36
 265	   15.25	   68.36
 266	   20.63	   68.36
 267	   20.12	   68.36
 268	   12.49	   68.36
 269	   10.05	   68.36
 270	   12.82	   68.36
 271	   13.55	   68.36
 272	   8.628	   68.36
 273	   6.896	   68.36
 274	   8.777	   68.36
 275	   8.957	   68.36
 276	    5.93	   68.36
 277	   4.934	   68.36
 278	   6.286	   68.36
 279	   6.126	   68.36
 280	   4.026	   68.36
 281	    3.74	   68.36
 282	   4.782	   68.36
 283	   4.155	   68.36
 284	   2.891	   68.36
 285	   3.022	   68.36
 286	   3.724	   68.36
 287	   2.894	   68.36
 288	   2.202	   68.36
 289	   2.675	   68.36
 290	   2.883	   68.36
 291	   2.069	   68.36
 292	   1.897	   68.36
 293	   2.385	   68.36
 294	   2.145	   68.36
 295	   1.563	   68.36
 296	   1.732	   68.36
 297	   2.008	   68.36
 298	   1.494	   68.36
 299	   1.309	   68.36
 300	   1.628	   68.36
 301	     1.5	   68.36
 302	   1.124	   68.36
 303	   1.221	   68.36
 304	   1.387	   68.36
 305	   1.043	   68.36
 306	  0.9244	   68.36
 307	   1.137	   68.36
 308	  0.9889	   68.36
 309	  0.7639	   68.36
 310	  0.8708	   68.36
 311	  0.9002	   68.36
 312	  0.6685	   68.36
 313	  0.6425	   68.36
 314	  0.7399	   68.36
 315	  0.5818	   68.36
 316	  0.4744	   68.36
 317	  0.5456	   68.36
 318	  0.4762	   68.36
 319	  0.3504	   68.36
 320	  0.3739	   68.36
 321	  0.3724	   68.36
 322	  0.2718	   68.36
 323	  0.2589	   68.36
 324	  0.2801	   68.36
 325	  0.2144	   68.36
 326	  0.1829	   68.36
 327	  0.2067	   68.36
 328	  0.1724	   68.36
 329	  0.1345	   68.36
 330	  0.1486	   68.36
 331	   0.133	   68.36
 332	 0.09779	   68.36
 333	     0.1	   68.36
 334	 0.09521	   68.36
 335	 0.06912	   68.36
 336	 0.06547	   68.36
 337	 0.06842	   68.36
 338	 0.05319	   68.36
 339	 0.04963	   68.36
 340	 0.05707	   68.36
 341	 0.04707	   68.36
 342	 0.04095	   68.36
 343	 0.04465	   68.36
 344	 0.03497	   68.36
 345	 0.02682	   68.36
 346	 0.02767	   68.36
 347	 0.02343	   68.36
 348	 0.01891	   68.36
 349	 0.02101	   68.36
 350	 0.01987	   68.36
 351	 0.01542	   68.36
 352	 0.01538	   68.36
 353	 0.01389	   68.36
 354	 0.01022	   68.36
 355	 0.01031	   68.36
 356	 0.01046	   68.36
 357	0.008099	   68.36
 358	0.007903	   68.36
 359	0.007532	   68.36
 360	0.005512	   68.36
 361	 0.00532	   68.36
 362	0.005532	   68.36
 363	0.004382	   68.36
 364	0.004061	   68.36
 365	 0.00392	   68.36
 366	0.002915	   68.36
 367	0.002661	   68.36
 368	 0.00282	   68.36
 369	0.002246	   68.36
 370	0.002003	   68.36
 371	 0.00199	   68.36
 372	0.001517	   68.36
 373	0.001367	   68.36
 374	0.001422	   68.36
 375	0.001085	   68.36
 376	0.000938	   68.36
 377	0.0009363	   68.36
 378	0.0007256	   68.36
 379	0.0006409	   68.36
 380	0.0006259	   68.36
 381	0.0004682	   68.36
 382	0.000411	   68.36
 383	0.0004081	   68.36
 384	0.0003233	   68.36
 385	0.0002742	   68.36
 386	0.0002724	   68.36
 387	0.0002128	   68.36
 388	0.0001874	   68.36
 389	0.0001869	   68.36
 390	0.0001382	   68.36
 391	0.0001251	   68.36
 392	0.0001249	   68.36
 393	9.718e-05	   68.36
 394	8.975e-05	   68.36
 395	8.647e-05	   68.36
 396	6.953e-05	   68.36
 397	6.412e-05	   68.36
 398	6.234e-05	   68.36
 399	4.779e-05	   68.36
 400	4.555e-05	   68.36
 401	4.419e-05	   68.36
 402	3.447e-05	   68.36
 403	3.222e-05	   68.36
 404	3.092e-05	   68.36
 405	2.487e-05	   68.36
 406	2.438e-05	   68.36
 407	2.277e-05	   68.36
 408	1.792e-05	   68.36
 409	1.793e-05	   68.36
 410	 1.6e-05	   68.36
 411	1.261e-05	   68.36
 412	1.248e-05	   68.36
 413	1.112e-05	   68.36
 414	8.736e-06	   68.36
 415	8.534e-06	   68.36
 416	7.113e-06	   68.36
 417	5.792e-06	   68.36
 418	5.59e-06	   68.36
 419	4.477e-06	   68.36
 420	3.639e-06	   68.36
 421	3.533e-06	   68.36
 422	2.742e-06	   68.36
 423	2.257e-06	   68.36
 424	2.172e-06	   68.36
 425	1.698e-06	   68.36
 426	1.471e-06	   68.36
 427	1.401e-06	   68.36
 428	1.142e-06	   68.36
 429	1.057e-06	   68.36
 430	1.054e-06	   68.36
 431	8.759e-07	   68.36
 432	9.119e-07	   68.36
 433	9.227e-07	   68.36
 434	8.136e-07	   68.36
 435	8.737e-07	   68.36
 436	8.844e-07	   68.36
 437	7.658e-07	   68.36
 438	8.169e-07	   68.36
 439	7.283e-07	   68.36
 440	6.107e-07	   68.36
 441	5.712e-07	   68.36
 442	4.387e-07	   68.36
 443	3.369e-07	   68.36
 444	2.876e-07	   68.36
 445	1.987e-07	   68.36
 446	1.547e-07	   68.36
 447	1.318e-07	   68.36
 448	9.751e-08	   68.36
 449	8.576e-08	   68.36
 450	8.415e-08	   68.36
 451	7.164e-08	   68.36
 452	7.338e-08	   68.36
 453	7.205e-08	   68.36
 454	6.093e-08	   68.36
 455	5.643e-08	   68.36
 456	4.636e-08	   68.36
 457	3.433e-08	   68.36
 458	3.108e-08	   68.36
 459	2.476e-08	   68.36
 460	2.178e-08	   68.36
 461	2.306e-08	   68.36
 462	2.037e-08	   68.36
 463	1.878e-08	   68.36
 464	1.748e-08	   68.36
 465	1.253e-08	   68.36
 466	1.016e-08	   68.36
 467	8.636e-09	   68.36
 468	6.874e-09	   68.36
 469	6.852e-09	   68.36
 470	6.479e-09	   68.36
 471	5.412e-09	   68.36
 472	4.866e-09	   68.36
 473	3.687e-09	   68.36
 474	2.907e-09	   68.36
 475	2.794e-09	   68.36
 476	2.429e-09	   68.36
 477	2.219e-09	   68.36
 478	1.984e-09	   68.36
 479	1.402e-09	   68.36
 480	1.09e-09	   68.36
 481	9.619e-10	   68.36
 482	7.964e-10	   68.36
 483	8.044e-10	   68.36
 484	7.231e-10	   68.36
 485	5.524e-10	   68.36
 486	4.846e-10	   68.36
 487	4.119e-10	   68.36
 488	3.718e-10	   68.36
 489	3.891e-10	   68.36
 490	3.259e-10	   68.36
 491	2.809e-10	   68.36
 492	2.647e-10	   68.36
 493	2.265e-10	   68.36
 494	2.308e-10	   68.36
 495	2.117e-10	   68.36
 496	1.647e-10	   68.36
 497	1.534e-10	   68.36
 498	1.393e-10	   68.36
 499	1.266e-10	   68.36
 500	1.252e-10	   68.36
 501	9.838e-11	   68.36
 502	8.274e-11	   68.36
 503	8.078e-11	   68.36
 504	7.227e-11	   68.36
 505	6.62e-11	   68.36
 506	5.651e-11	   68.36
 507	4.33e-11	   68.36
 508	4.088e-11	   68.36
 509	3.794e-11	   68.36
 510	3.127e-11	   68.36
 511	2.747e-11	   68.36
 512	2.171e-11	   68.36
 513	1.886e-11	   68.36
 514	1.81e-11	   68.36
 515	1.437e-11	   68.36
 516	1.189e-11	   68.36
 517	1.099e-11	   68.36
 518	9.171e-12	   68.36
 519	8.61e-12	   68.36
 520	7.337e-12	   68.36
 521	5.752e-12	   68.36
 522	5.639e-12	   68.36
 523	4.949e-12	   68.36
 524	4.169e-12	   68.36
 525	3.81e-12	   68.36
 526	3.156e-12	   68.36
 527	2.904e-12	   68.36
 528	2.662e-12	   68.36
 529	2.086e-12	   68.36
 530	1.936e-12	   68.36
 531	1.75e-12	   68.36
 532	1.471e-12	   68.36
 533	1.343e-12	   68.36
 534	1.099e-12	   68.36
 535	9.651e-13	   68.36
 536	8.977e-13	   68.36
 537	7.02e-13	   68.36
 538	6.107e-13	   68.36
 539	5.56e-13	   68.36
 540	4.426e-13	   68.36
 541	3.86e-13	   68.36
 542	3.154e-13	   68.36
 543	2.61e-13	   68.36
 544	2.405e-13	   68.36
 545	1.922e-13	   68.36
 546	 1.6e-13	   68.36
 547	1.503e-13	   68.36
 548	1.259e-13	   68.36
 549	1.073e-13	   68.36
 550	9.633e-14	   68.36
 551	8.302e-14	   68.36
 552	8.222e-14	   68.36
 553	7.407e-14	   68.36
 554	6.569e-14	   68.36
 555	 6.9e-14	   68.36
 556	6.284e-14	   68.36
 557	5.723e-14	   68.36
 558	5.556e-14	   68.36
 559	5.012e-14	   68.36
 560	4.829e-14	   68.36
 561	4.288e-14	   68.36
 562	3.561e-14	   68.36
 563	3.574e-14	   68.36
 564	3.126e-14	   68.36
 565	2.721e-14	   68.36
 566	2.762e-14	   68.36
 567	2.528e-14	   68.36
 568	2.408e-14	   68.36
 569	2.242e-14	   68.36
 570	1.942e-14	   68.36
 571	1.877e-14	   68.36
 572	1.562e-14	   68.36
 573	1.227e-14	   68.36
 574	1.158e-14	   68.36
 575	9.628e-15	   68.36
 576	8.306e-15	   68.36
 577	7.423e-15	   68.36
 578	6.264e-15	   68.36
 579	5.412e-15	   68.36
 580	4.381e-15	   68.36
 581	3.434e-15	   68.36
 582	3.137e-15	   68.36
 583	2.466e-15	   68.36
 584	2.071e-15	   68.36
 585	1.932e-15	   68.36
 586	1.662e-15	   68.36
 587	1.404e-15	   68.36
 588	1.21e-15	   68.36
 589	9.923e-16	   68.36
 590	8.701e-16	   68.36
 591	6.96e-16	   68.36
 592	5.708e-16	   68.36
 593	5.333e-16	   68.36
 594	4.19e-16	   68.36
 595	3.504e-16	   68.36
 596	3.157e-16	   68.36
 597	2.486e-16	   68.36
 598	2.072e-16	   68.36
||x||_2 = 68.36
==================== TIMER SUMMARY =========================================
label               	calls     	total time	mean time	comp. intensity	 mean Gflop/s	mean Gbyte/s
----------------------------------------------
        apply_jacobi	       598	    0.0767	 0.0001283	         1	     130.8	     130.8
     apply_stencil3d	       599	    0.8366	  0.001397	    0.8066	     19.38	     24.03
               axpby	      1795	    0.3959	 0.0002206	     0.125	     28.52	     228.2
       cg_solver_pre	         1	     3.093	     3.093	         1	 2.546e-12	 2.546e-12
                 dot	      1795	    0.2107	 0.0001174	     0.125	     35.73	     285.9
                init	         2	   0.00146	 0.0007301	         0	         0	     22.98
  main_cg_solver_pre	         1	     3.107	     3.107	         0	 3.73e-320	  1.67e+68
============================================================================
