   1
0.254637
0.118385
0.0722788
0.0547233
0.0665321
0.0513012
0.0472003
0.0546403
0.0571378
0.0521396
0.0544095
0.0524551
0.0596671
0.0487257
0.0610468
0.0530001
0.0539109
0.0606119
0.0494761
0.0601468
0.0521089
0.0528022
0.0560295
0.047869
0.0541383
0.0477343
0.0479371
0.0483402
0.0430489
0.0459771
0.0411457
0.0411499
0.0400862
0.0368231
0.0379214
0.0343013
0.0343269
0.0327532
0.0307434
0.0310225
0.0282642
0.028373
0.0267705
0.0254792
0.0254579
0.023299
0.0234703
0.0220332
0.0211353
0.0210426
0.0193072
0.0195005
0.0182873
0.0175995
0.0175225
0.0160996
0.016281
0.015293
0.0147182
0.0146816
0.0135016
0.0136499
0.0128665
0.0123567
0.0123594
0.0113769
0.0114822
0.0108754
0.010409
0.0104406
0.00962391
0.00968402
0.00922427
0.00879295
0.00884132
0.00816597
0.00818354
0.00784278
0.00744444
0.00749852
0.00694416
0.00692444
0.00667737
0.00631227
0.00636333
0.00591226
0.00586176
0.00568642
0.00535535
0.00539725
0.00503374
0.00495938
0.00483729
0.00454078
0.00456979
0.00427982
0.00418839
0.00410444
0.00384236
0.00385659
0.00362691
0.0035226
0.00345901
0.00321784
0.00318779
0.00295414
0.0027511
0.00255574
0.00217959
0.00192497
0.00158513
0.00131091
0.0011308
0.000941176
0.000849689
0.000748291
0.000662192
0.000615606
0.00055048
0.000530625
0.000505129
0.000478276
0.000477536
0.000456785
0.000462775
0.000462882
0.000453869
0.000469392
0.000462155
0.000471536
0.000476095
0.000467294
0.000481813
0.000469604
0.000467988
0.000466824
0.000448515
0.000449185
0.000427745
0.000414796
0.00040484
0.000377542
0.000368448
0.000345541
0.000326041
0.000312402
0.000287209
0.000275631
0.000255589
0.000237781
0.000226886
0.000206866
0.000196591
0.000182851
0.000168936
0.000160811
0.000147001
0.000139293
0.000129892
0.000119889
0.000114526
0.000104876
9.91531e-05
9.31066e-05
8.56675e-05
8.18213e-05
7.52766e-05
7.08099e-05
6.66379e-05
6.12564e-05
5.83474e-05
5.368e-05
5.02453e-05
4.72893e-05
4.32444e-05
4.10272e-05
3.77137e-05
3.49817e-05
3.2895e-05
2.99199e-05
2.81554e-05
2.58671e-05
2.3776e-05
2.22577e-05
2.01683e-05
1.88119e-05
1.72531e-05
1.57243e-05
1.46746e-05
1.32293e-05
1.22571e-05
1.1241e-05
1.0157e-05
9.47552e-06
8.48965e-06
7.81216e-06
7.2098e-06
6.51289e-06
6.0862e-06
5.4624e-06
5.09305e-06
4.67102e-06
4.26677e-06
4.00459e-06
3.65511e-06
3.42392e-06
3.19357e-06
2.9661e-06
2.80346e-06
2.62816e-06
2.45721e-06
2.33474e-06
2.1316e-06
1.97292e-06
1.72946e-06
1.45436e-06
1.15693e-06
8.37438e-07
5.68024e-07
3.6102e-07
2.20496e-07
1.45735e-07
1.09553e-07
1.09687e-07
1.48866e-07
2.52058e-07
4.68988e-07
7.32672e-07
7.58449e-07
4.8507e-07
2.15849e-07
9.36029e-08
5.13242e-08
4.76857e-08
7.63546e-08
1.4043e-07
1.8078e-07
1.22466e-07
5.75232e-08
3.45975e-08
3.62475e-08
5.87394e-08
7.88524e-08
5.43912e-08
2.76449e-08
1.90778e-08
2.36663e-08
3.53238e-08
3.05836e-08
1.66882e-08
1.11375e-08
1.31337e-08
1.89407e-08
1.56636e-08
8.76813e-09
6.73909e-09
8.65471e-09
1.04615e-08
6.93134e-09
4.24801e-09
4.46253e-09
5.93654e-09
5.03148e-09
2.96804e-09
2.56307e-09
3.46631e-09
3.35325e-09
2.08635e-09
1.67727e-09
2.14419e-09
2.26709e-09
1.45145e-09
1.1646e-09
1.49385e-09
1.53889e-09
1.02822e-09
8.65293e-10
1.11374e-09
1.11172e-09
7.40973e-10
7.06169e-10
9.20522e-10
8.15852e-10
5.81934e-10
6.21161e-10
7.85637e-10
6.22101e-10
4.81637e-10
5.94874e-10
6.51954e-10
4.73997e-10
4.41496e-10
5.61177e-10
5.12086e-10
3.79907e-10
4.25203e-10
4.99398e-10
3.71126e-10
3.26789e-10
4.02655e-10
3.64667e-10
2.71082e-10
2.91079e-10
3.27686e-10
2.43423e-10
2.14605e-10
2.59846e-10
2.20605e-10
1.67274e-10
1.87072e-10
1.89358e-10
1.38322e-10
1.31466e-10
1.47878e-10
1.13352e-10
8.98586e-11
1.00535e-10
8.51846e-11
6.06795e-11
6.27364e-11
5.96706e-11
4.17525e-11
3.79187e-11
3.94422e-11
2.93235e-11
2.4167e-11
2.69813e-11
2.26151e-11
1.81398e-11
2.12345e-11
2.07707e-11
1.69195e-11
1.91225e-11
1.99419e-11
1.52122e-11
1.42059e-11
1.35039e-11
8.84064e-12
6.60105e-12
6.08086e-12
4.24143e-12
3.37231e-12
3.844e-12
3.5268e-12
3.20684e-12
3.74975e-12
3.21499e-12
2.31008e-12
2.1557e-12
1.81664e-12
1.37274e-12
1.46696e-12
1.50741e-12
1.14699e-12
1.07322e-12
9.62373e-13
6.76122e-13
6.59765e-13
7.02933e-13
5.58944e-13
5.23382e-13
5.01264e-13
3.73244e-13
3.55757e-13
3.9286e-13
3.23455e-13
2.90679e-13
2.86874e-13
2.19161e-13
2.00097e-13
2.15144e-13
1.68794e-13
1.45112e-13
1.46987e-13
1.15947e-13
1.04578e-13
1.06189e-13
8.00867e-14
6.98706e-14
7.18167e-14
5.74168e-14
4.9366e-14
4.72229e-14
3.70003e-14
3.18171e-14
3.18859e-14
2.39071e-14
1.98039e-14
2.0222e-14
1.55798e-14
1.39668e-14
1.33975e-14
1.02351e-14
9.4649e-15
9.12545e-15
7.08985e-15
6.32584e-15
6.37382e-15
5.00827e-15
4.60317e-15
4.36907e-15
3.49046e-15
3.39078e-15
3.27761e-15
2.57907e-15
2.53182e-15
2.49472e-15
1.98176e-15
1.99007e-15
1.86349e-15
1.5378e-15
1.52178e-15
1.34498e-15
1.07976e-15
1.09504e-15
9.17218e-16
7.3207e-16
7.2202e-16
5.9781e-16
4.80429e-16
4.56919e-16
3.68284e-16
3.08707e-16
2.97525e-16
2.35488e-16
2.11358e-16
2.0901e-16
1.68776e-16
1.56042e-16
1.60108e-16
1.32506e-16
1.33946e-16
1.3578e-16
1.20613e-16
1.2615e-16
1.24662e-16
1.08046e-16
1.13822e-16
9.87477e-17
8.19897e-17
7.88665e-17
6.19377e-17
4.79541e-17
4.33422e-17
3.21637e-17
2.60081e-17
2.31656e-17
1.81577e-17
1.61542e-17
1.53701e-17
1.26816e-17
1.25987e-17
1.17477e-17
9.61731e-18
9.14334e-18
7.80913e-18
5.96035e-18
5.65429e-18
4.68876e-18
4.06658e-18
4.1974e-18
3.68931e-18
3.3806e-18
3.1582e-18
2.35934e-18
2.01136e-18
1.71803e-18
1.37218e-18
1.37902e-18
1.29109e-18
1.08245e-18
1.00399e-18
7.82111e-19
6.08338e-19
5.825e-19
5.10409e-19
4.66027e-19
4.29121e-19
3.19679e-19
2.55828e-19
2.24489e-19
1.86235e-19
1.893e-19
1.70129e-19
1.34003e-19
1.22553e-19
1.05227e-19
9.62403e-20
1.02846e-19
8.6667e-20
7.53169e-20
7.24092e-20
6.25664e-20
6.32131e-20
5.8377e-20
4.57378e-20
4.16664e-20
3.71633e-20
3.35415e-20
3.26906e-20
2.55303e-20
2.15019e-20
2.04843e-20
1.77288e-20
1.60516e-20
1.34638e-20
1.00765e-20
9.41298e-21
8.61789e-21
6.94685e-21
6.09986e-21
4.8161e-21
4.0937e-21
3.87299e-21
3.05923e-21
2.49696e-21
2.26957e-21
1.88394e-21
1.73522e-21
1.45173e-21
1.1412e-21
1.11279e-21
9.6618e-22
8.17466e-22
7.44338e-22
6.08559e-22
5.62483e-22
5.16554e-22
4.00592e-22
3.74507e-22
3.38394e-22
2.82122e-22
2.59987e-22
2.16609e-22
1.91931e-22
1.80076e-22
1.42989e-22
1.22732e-22
1.10076e-22
8.75372e-23
7.49056e-23
6.05707e-23
5.02518e-23
4.62701e-23
3.71854e-23
3.18061e-23
3.08334e-23
2.69679e-23
2.4711e-23
2.33039e-23
2.07403e-23
2.10048e-23
1.8414e-23
1.56152e-23
1.55264e-23
1.2976e-23
1.09706e-23
1.00519e-23
8.76349e-24
8.60567e-24
8.19354e-24
7.60419e-24
8.5398e-24
8.16659e-24
7.41129e-24
7.2561e-24
6.07808e-24
5.18842e-24
4.25401e-24
3.45284e-24
3.33726e-24
2.9054e-24
2.56267e-24
2.61203e-24
2.22446e-24
1.86122e-24
1.52137e-24
1.16977e-24
9.68186e-25
7.92395e-25
6.5942e-25
6.56795e-25
5.47447e-25
4.58233e-25
4.13568e-25
3.31705e-25
2.71351e-25
2.3918e-25
2.08392e-25
1.95819e-25
1.63575e-25
1.31973e-25
1.16263e-25
8.67655e-26
6.95646e-26
6.1919e-26
4.98323e-26
4.28043e-26
||x||_2 = 75.3118
==================== TIMER SUMMARY =========================================
label               	calls     	total time	mean time	comp. intensity	 mean Gflop/s	mean Gbyte/s
----------------------------------------------
     apply_stencil3d	       599	   0.91637	0.00152983	   0.80664	   17.6924	   21.9334
               axpby	      1795	  0.157645	8.78247e-05	     0.125	   71.6366	   573.092
           cg_solver	         1	   1.24319	   1.24319	         1	6.33374e-12	6.33374e-12
                 dot	      1197	  0.157982	0.000131982	     0.125	   31.7794	   254.235
                init	         2	0.00136236	0.000681182	         0	         0	   24.6296
      main_cg_solver	         1	   1.25041	   1.25041	        -0	9.26818e-320	-4.80916e+22
============================================================================
