tol = 1.49012e-08
   0	1.873e+06	       0
   1	9.367e+05	   6.384
   2	6.25e+05	    9.52
   3	4.695e+05	   11.96
   4	3.77e+05	   14.01
   5	3.218e+05	   15.82
   6	3.408e+05	   17.25
   7	2.994e+05	   18.17
   8	2.573e+05	   19.46
   9	2.759e+05	   20.39
  10	2.284e+05	   21.42
  11	2.749e+05	   22.22
  12	2.275e+05	   23.02
  13	2.212e+05	   23.76
  14	2.231e+05	   24.64
  15	2.019e+05	   25.27
  16	2.049e+05	   26.13
  17	1.907e+05	   26.84
  18	1.97e+05	   27.54
  19	1.752e+05	   28.37
  20	1.865e+05	   29.04
  21	1.745e+05	   29.85
  22	1.668e+05	   30.57
  23	1.785e+05	   31.33
  24	1.555e+05	   32.12
  25	1.698e+05	   32.87
  26	1.588e+05	   33.69
  27	1.539e+05	   34.45
  28	1.634e+05	    35.3
  29	1.468e+05	   36.09
  30	1.576e+05	   36.94
  31	1.499e+05	   37.81
  32	1.475e+05	   38.64
  33	1.53e+05	    39.6
  34	1.43e+05	   40.45
  35	1.503e+05	   41.41
  36	1.446e+05	   42.37
  37	1.447e+05	   43.29
  38	1.466e+05	   44.37
  39	1.416e+05	   45.32
  40	1.464e+05	    46.4
  41	1.417e+05	   47.49
  42	1.439e+05	   48.52
  43	1.432e+05	   49.73
  44	1.414e+05	   50.81
  45	1.448e+05	   52.02
  46	1.402e+05	   53.25
  47	1.442e+05	   54.42
  48	1.416e+05	   55.77
  49	1.415e+05	   56.99
  50	1.445e+05	   58.34
  51	1.396e+05	   59.71
  52	1.448e+05	   61.03
  53	1.412e+05	   62.52
  54	1.418e+05	    63.9
  55	1.447e+05	   65.39
  56	1.394e+05	    66.9
  57	1.452e+05	   68.37
  58	1.412e+05	   69.99
  59	1.418e+05	   71.52
  60	1.45e+05	   73.14
  61	1.393e+05	   74.79
  62	1.452e+05	   76.41
  63	1.413e+05	   78.14
  64	1.414e+05	   79.81
  65	1.449e+05	   81.56
  66	1.39e+05	   83.32
  67	1.446e+05	   85.06
  68	1.411e+05	    86.9
  69	1.406e+05	   88.68
  70	1.443e+05	   90.53
  71	1.384e+05	   92.39
  72	1.434e+05	   94.23
  73	1.405e+05	   96.16
  74	1.393e+05	   98.02
  75	1.431e+05	   99.96
  76	1.373e+05	   101.9
  77	1.416e+05	   103.8
  78	1.393e+05	   105.8
  79	1.375e+05	   107.7
  80	1.412e+05	   109.7
  81	1.358e+05	   111.7
  82	1.392e+05	   113.6
  83	1.375e+05	   115.7
  84	1.352e+05	   117.6
  85	1.388e+05	   119.6
  86	1.338e+05	   121.6
  87	1.364e+05	   123.6
  88	1.352e+05	   125.7
  89	1.326e+05	   127.6
  90	1.358e+05	   129.7
  91	1.314e+05	   131.6
  92	1.332e+05	   133.6
  93	1.325e+05	   135.7
  94	1.297e+05	   137.6
  95	1.325e+05	   139.6
  96	1.286e+05	   141.6
  97	1.297e+05	   143.6
  98	1.294e+05	   145.6
  99	1.265e+05	   147.5
 100	1.289e+05	   149.5
 101	1.255e+05	   151.4
 102	1.261e+05	   153.3
 103	1.26e+05	   155.3
 104	1.232e+05	   157.2
 105	1.252e+05	   159.1
 106	1.223e+05	   161.1
 107	1.224e+05	   162.9
 108	1.224e+05	   164.8
 109	1.198e+05	   166.7
 110	1.214e+05	   168.6
 111	1.189e+05	   170.4
 112	1.187e+05	   172.2
 113	1.188e+05	   174.1
 114	1.163e+05	   175.9
 115	1.176e+05	   177.7
 116	1.154e+05	   179.5
 117	1.15e+05	   181.2
 118	1.151e+05	   183.1
 119	1.128e+05	   184.8
 120	1.138e+05	   186.5
 121	1.119e+05	   188.3
 122	1.113e+05	     190
 123	1.115e+05	   191.7
 124	1.093e+05	   193.4
 125	1.101e+05	     195
 126	1.084e+05	   196.7
 127	1.078e+05	   198.3
 128	1.079e+05	     200
 129	1.059e+05	   201.6
 130	1.065e+05	   203.2
 131	1.05e+05	   204.9
 132	1.043e+05	   206.4
 133	1.045e+05	     208
 134	1.026e+05	   209.6
 135	1.031e+05	   211.1
 136	1.017e+05	   212.7
 137	1.01e+05	   214.2
 138	1.011e+05	   215.7
 139	9.932e+04	   217.2
 140	9.973e+04	   218.7
 141	9.856e+04	   220.2
 142	9.773e+04	   221.6
 143	9.793e+04	   223.1
 144	9.619e+04	   224.5
 145	9.652e+04	   225.9
 146	9.548e+04	   227.4
 147	9.461e+04	   228.7
 148	9.485e+04	   230.2
 149	9.318e+04	   231.5
 150	9.344e+04	   232.9
 151	9.254e+04	   234.3
 152	9.161e+04	   235.6
 153	9.189e+04	     237
 154	9.03e+04	   238.3
 155	9.048e+04	   239.6
 156	8.972e+04	   240.9
 157	8.873e+04	   242.2
 158	8.906e+04	   243.5
 159	8.753e+04	   244.8
 160	8.764e+04	     246
 161	8.701e+04	   247.3
 162	8.596e+04	   248.5
 163	8.634e+04	   249.7
 164	8.489e+04	     251
 165	8.491e+04	   252.2
 166	8.443e+04	   253.4
 167	8.332e+04	   254.6
 168	8.372e+04	   255.8
 169	8.236e+04	     257
 170	8.229e+04	   258.1
 171	8.195e+04	   259.3
 172	8.078e+04	   260.4
 173	8.12e+04	   261.6
 174	7.994e+04	   262.7
 175	7.977e+04	   263.8
 176	7.957e+04	   264.9
 177	7.835e+04	     266
 178	7.877e+04	   267.1
 179	7.764e+04	   268.2
 180	7.734e+04	   269.3
 181	7.728e+04	   270.4
 182	7.603e+04	   271.4
 183	7.643e+04	   272.5
 184	7.543e+04	   273.5
 185	7.501e+04	   274.6
 186	7.508e+04	   275.6
 187	7.381e+04	   276.6
 188	7.417e+04	   277.6
 189	7.331e+04	   278.6
 190	7.277e+04	   279.6
 191	7.294e+04	   280.6
 192	7.169e+04	   281.6
 193	7.198e+04	   282.6
 194	7.128e+04	   283.6
 195	7.062e+04	   284.5
 196	7.088e+04	   285.5
 197	6.966e+04	   286.4
 198	6.986e+04	   287.3
 199	6.932e+04	   288.3
 200	6.855e+04	   289.2
 201	6.888e+04	   290.1
 202	6.772e+04	     291
 203	6.781e+04	   291.9
 204	6.743e+04	   292.8
 205	6.657e+04	   293.7
 206	6.694e+04	   294.6
 207	6.586e+04	   295.5
 208	6.584e+04	   296.4
 209	6.56e+04	   297.2
 210	6.467e+04	   298.1
 211	6.505e+04	   298.9
 212	6.408e+04	   299.8
 213	6.393e+04	   300.6
 214	6.383e+04	   301.5
 215	6.285e+04	   302.3
 216	6.321e+04	   303.1
 217	6.236e+04	   303.9
 218	6.208e+04	   304.7
 219	6.211e+04	   305.6
 220	6.111e+04	   306.3
 221	6.142e+04	   307.1
 222	6.071e+04	   307.9
 223	6.031e+04	   308.7
 224	6.044e+04	   309.5
 225	5.944e+04	   310.3
 226	5.968e+04	     311
 227	5.911e+04	   311.8
 228	5.86e+04	   312.5
 229	5.88e+04	   313.3
 230	5.783e+04	     314
 231	 5.8e+04	   314.7
 232	5.756e+04	   315.5
 233	5.695e+04	   316.2
 234	5.721e+04	   316.9
 235	5.629e+04	   317.6
 236	5.636e+04	   318.3
 237	5.606e+04	   319.1
 238	5.537e+04	   319.8
 239	5.565e+04	   320.4
 240	5.481e+04	   321.1
 241	5.477e+04	   321.8
 242	5.459e+04	   322.5
 243	5.384e+04	   323.2
 244	5.413e+04	   323.8
 245	5.337e+04	   324.5
 246	5.323e+04	   325.2
 247	5.316e+04	   325.8
 248	5.238e+04	   326.5
 249	5.264e+04	   327.1
 250	5.199e+04	   327.8
 251	5.173e+04	   328.4
 252	5.177e+04	     329
 253	5.097e+04	   329.7
 254	5.119e+04	   330.3
 255	5.065e+04	   330.9
 256	5.029e+04	   331.5
 257	5.04e+04	   332.1
 258	4.961e+04	   332.7
 259	4.977e+04	   333.3
 260	4.934e+04	   333.9
 261	4.89e+04	   334.5
 262	4.906e+04	   335.1
 263	4.83e+04	   335.7
 264	4.838e+04	   336.3
 265	4.807e+04	   336.8
 266	4.755e+04	   337.4
 267	4.775e+04	     338
 268	4.704e+04	   338.5
 269	4.704e+04	   339.1
 270	4.683e+04	   339.6
 271	4.625e+04	   340.2
 272	4.645e+04	   340.7
 273	4.581e+04	   341.3
 274	4.572e+04	   341.8
 275	4.561e+04	   342.3
 276	 4.5e+04	   342.9
 277	4.519e+04	   343.4
 278	4.463e+04	   343.9
 279	4.445e+04	   344.4
 280	4.442e+04	     345
 281	4.378e+04	   345.5
 282	4.394e+04	     346
 283	4.347e+04	   346.5
 284	4.321e+04	     347
 285	4.324e+04	   347.5
 286	4.261e+04	     348
 287	4.272e+04	   348.4
 288	4.234e+04	   348.9
 289	 4.2e+04	   349.4
 290	4.208e+04	   349.9
 291	4.147e+04	   350.4
 292	4.153e+04	   350.8
 293	4.123e+04	   351.3
 294	4.083e+04	   351.7
 295	4.094e+04	   352.2
 296	4.036e+04	   352.7
 297	4.036e+04	   353.1
 298	4.014e+04	   353.6
 299	3.969e+04	     354
 300	3.982e+04	   354.4
 301	3.929e+04	   354.9
 302	3.921e+04	   355.3
 303	3.908e+04	   355.8
 304	3.859e+04	   356.2
 305	3.871e+04	   356.6
 306	3.824e+04	     357
 307	3.81e+04	   357.4
 308	3.802e+04	   357.9
 309	3.752e+04	   358.3
 310	3.762e+04	   358.7
 311	3.721e+04	   359.1
 312	 3.7e+04	   359.5
 313	3.698e+04	   359.9
 314	3.647e+04	   360.3
 315	3.655e+04	   360.7
 316	3.62e+04	     361
 317	3.593e+04	   361.4
 318	3.596e+04	   361.8
 319	3.546e+04	   362.2
 320	3.548e+04	   362.6
 321	3.52e+04	   362.9
 322	3.488e+04	   363.3
 323	3.492e+04	   363.7
 324	3.443e+04	     364
 325	3.438e+04	   364.4
 326	3.411e+04	   364.7
 327	3.368e+04	   365.1
 328	3.361e+04	   365.4
 329	 3.3e+04	   365.8
 330	3.268e+04	   366.1
 331	3.221e+04	   366.4
 332	3.143e+04	   366.7
 333	3.101e+04	     367
 334	3.009e+04	   367.3
 335	2.939e+04	   367.6
 336	2.87e+04	   367.9
 337	2.775e+04	   368.1
 338	2.722e+04	   368.4
 339	2.636e+04	   368.6
 340	2.568e+04	   368.8
 341	2.51e+04	     369
 342	2.424e+04	   369.2
 343	2.373e+04	   369.4
 344	2.299e+04	   369.6
 345	2.234e+04	   369.7
 346	2.186e+04	   369.9
 347	2.114e+04	     370
 348	2.073e+04	   370.2
 349	2.016e+04	   370.3
 350	1.961e+04	   370.4
 351	1.925e+04	   370.5
 352	1.866e+04	   370.7
 353	1.833e+04	   370.8
 354	1.792e+04	   370.9
 355	1.746e+04	     371
 356	1.721e+04	   371.1
 357	1.675e+04	   371.2
 358	1.649e+04	   371.2
 359	1.62e+04	   371.3
 360	1.584e+04	   371.4
 361	1.568e+04	   371.5
 362	1.533e+04	   371.6
 363	1.513e+04	   371.7
 364	1.495e+04	   371.7
 365	1.466e+04	   371.8
 366	1.457e+04	   371.9
 367	1.432e+04	   371.9
 368	1.416e+04	     372
 369	1.407e+04	   372.1
 370	1.384e+04	   372.1
 371	1.38e+04	   372.2
 372	1.363e+04	   372.3
 373	1.351e+04	   372.3
 374	1.348e+04	   372.4
 375	1.33e+04	   372.4
 376	1.33e+04	   372.5
 377	1.32e+04	   372.6
 378	1.311e+04	   372.6
 379	1.312e+04	   372.7
 380	1.299e+04	   372.7
 381	1.301e+04	   372.8
 382	1.296e+04	   372.8
 383	1.289e+04	   372.9
 384	1.294e+04	     373
 385	1.284e+04	     373
 386	1.287e+04	   373.1
 387	1.287e+04	   373.1
 388	1.28e+04	   373.2
 389	1.288e+04	   373.2
 390	1.281e+04	   373.3
 391	1.283e+04	   373.3
 392	1.286e+04	   373.4
 393	1.28e+04	   373.5
 394	1.289e+04	   373.5
 395	1.284e+04	   373.6
 396	1.286e+04	   373.6
 397	1.291e+04	   373.7
 398	1.284e+04	   373.7
 399	1.293e+04	   373.8
 400	1.289e+04	   373.9
 401	1.29e+04	   373.9
 402	1.295e+04	     374
 403	1.289e+04	     374
 404	1.296e+04	   374.1
 405	1.293e+04	   374.1
 406	1.291e+04	   374.2
 407	1.297e+04	   374.3
 408	1.29e+04	   374.3
 409	1.295e+04	   374.4
 410	1.293e+04	   374.4
 411	1.288e+04	   374.5
 412	1.294e+04	   374.6
 413	1.285e+04	   374.6
 414	1.288e+04	   374.7
 415	1.286e+04	   374.7
 416	1.279e+04	   374.8
 417	1.283e+04	   374.9
 418	1.273e+04	   374.9
 419	1.273e+04	     375
 420	1.271e+04	     375
 421	1.261e+04	   375.1
 422	1.263e+04	   375.2
 423	1.253e+04	   375.2
 424	1.249e+04	   375.3
 425	1.247e+04	   375.3
 426	1.235e+04	   375.4
 427	1.235e+04	   375.4
 428	1.225e+04	   375.5
 429	1.218e+04	   375.6
 430	1.215e+04	   375.6
 431	1.202e+04	   375.7
 432	 1.2e+04	   375.7
 433	1.19e+04	   375.8
 434	1.18e+04	   375.8
 435	1.177e+04	   375.9
 436	1.162e+04	   375.9
 437	1.158e+04	     376
 438	1.148e+04	     376
 439	1.136e+04	   376.1
 440	1.132e+04	   376.1
 441	1.117e+04	   376.2
 442	1.111e+04	   376.2
 443	1.102e+04	   376.3
 444	1.088e+04	   376.3
 445	1.084e+04	   376.4
 446	1.069e+04	   376.4
 447	1.061e+04	   376.5
 448	1.052e+04	   376.5
 449	1.038e+04	   376.6
 450	1.033e+04	   376.6
 451	1.019e+04	   376.6
 452	1.01e+04	   376.7
 453	1.001e+04	   376.7
 454	    9868	   376.8
 455	    9812	   376.8
 456	    9680	   376.8
 457	    9577	   376.9
 458	    9504	   376.9
 459	    9358	   376.9
 460	    9296	     377
 461	    9177	     377
 462	    9066	     377
 463	    9000	   377.1
 464	    8859	   377.1
 465	    8792	   377.1
 466	    8686	   377.2
 467	    8571	   377.2
 468	    8510	   377.2
 469	    8378	   377.3
 470	    8306	   377.3
 471	    8213	   377.3
 472	    8097	   377.4
 473	    8040	   377.4
 474	    7917	   377.4
 475	    7843	   377.4
 476	    7761	   377.5
 477	    7647	   377.5
 478	    7593	   377.5
 479	    7481	   377.5
 480	    7403	   377.6
 481	    7333	   377.6
 482	    7222	   377.6
 483	    7170	   377.6
 484	    7069	   377.6
 485	    6989	   377.7
 486	    6928	   377.7
 487	    6821	   377.7
 488	    6770	   377.7
 489	    6680	   377.7
 490	    6599	   377.8
 491	    6546	   377.8
 492	    6444	   377.8
 493	    6392	   377.8
 494	    6314	   377.8
 495	    6232	   377.9
 496	    6184	   377.9
 497	    6090	   377.9
 498	    6037	   377.9
 499	    5969	   377.9
 500	    5886	   377.9
 501	    5843	   377.9
||x||_2 = 377.9
==================== TIMER SUMMARY =========================================
label               	calls     	total time	mean time	comp. intensity	 mean Gflop/s	mean Gbyte/s
----------------------------------------------
     apply_stencil3d	       502	     14.17	   0.02822	    0.8105	     26.02	      32.1
               axpby	      1504	     18.04	   0.01199	     0.125	     14.17	     113.3
           cg_solver	         1	     67.52	     67.52	      -nan	         0	         0
                 dot	      1003	     3.353	  0.003343	     0.125	     33.87	       271
                init	         2	   0.01538	  0.007689	         0	         0	     58.92
      main_cg_solver	         1	     67.57	     67.57	      -nan	         0	         0
============================================================================
