tol = 1.49012e-08
   0	    1146	       0
   1	   815.8	  0.8799
   2	   842.3	   2.102
   3	   785.3	    3.67
   4	   680.4	   5.118
   5	   592.4	   6.292
   6	   533.6	   7.218
   7	   478.1	   7.955
   8	   406.2	   8.574
   9	   342.9	   9.112
  10	     298	   9.568
  11	   265.9	   9.945
  12	   237.7	   10.25
  13	   200.6	    10.5
  14	   139.3	   10.67
  15	   82.33	   10.74
  16	   82.04	   10.78
  17	   87.86	   10.83
  18	    71.5	   10.88
  19	   52.58	   10.91
  20	   41.01	   10.92
  21	   31.87	   10.93
  22	   24.97	   10.94
  23	    18.7	   10.94
  24	   13.08	   10.95
  25	    9.06	   10.95
  26	   6.388	   10.95
  27	   4.386	   10.95
  28	   2.613	   10.95
  29	   1.545	   10.95
  30	    1.53	   10.95
  31	   1.119	   10.95
  32	  0.5123	   10.95
  33	   0.487	   10.95
  34	  0.2078	   10.95
  35	  0.1729	   10.95
  36	 0.09817	   10.95
  37	 0.09956	   10.95
  38	 0.06749	   10.95
  39	 0.06888	   10.95
  40	 0.04231	   10.95
  41	 0.03284	   10.95
  42	 0.02271	   10.95
  43	 0.01293	   10.95
  44	0.009861	   10.95
  45	0.005665	   10.95
  46	0.003405	   10.95
  47	0.002666	   10.95
  48	0.001641	   10.95
  49	0.0009959	   10.95
  50	0.000656	   10.95
  51	0.0003447	   10.95
  52	0.0002075	   10.95
  53	0.0001565	   10.95
  54	0.0001024	   10.95
  55	 6.1e-05	   10.95
  56	3.985e-05	   10.95
  57	2.632e-05	   10.95
  58	1.494e-05	   10.95
  59	7.571e-06	   10.95
  60	4.301e-06	   10.95
  61	2.946e-06	   10.95
  62	1.474e-06	   10.95
  63	9.187e-07	   10.95
  64	6.64e-07	   10.95
  65	3.403e-07	   10.95
  66	2.187e-07	   10.95
  67	1.178e-07	   10.95
  68	6.791e-08	   10.95
  69	3.903e-08	   10.95
  70	2.713e-08	   10.95
  71	1.714e-08	   10.95
  72	1.172e-08	   10.95
||x||_2 = 10.95
==================== TIMER SUMMARY =========================================
label               	calls     	total time	mean time	comp. intensity	 mean Gflop/s	mean Gbyte/s
----------------------------------------------
apply_preconditioning	        72	   0.01283	 0.0001782	      -nan	         0	         0
     apply_stencil3d	        73	   0.01077	 0.0001475	    0.7891	     2.804	     3.554
               axpby	       217	  0.003207	 1.478e-05	     0.125	     6.652	     53.22
           cg_solver	         1	   0.03479	   0.03479	      -nan	         0	         0
                 dot	       217	  0.003723	 1.716e-05	     0.125	      3.82	     30.56
                init	         4	 0.0002777	 6.943e-05	         0	         0	     3.776
      main_cg_solver	         1	   0.03665	   0.03665	      -nan	         0	         0
============================================================================
