tol = 1.49012e-08
   0	    1146	       0
   1	   802.5	   1.016
   2	   818.7	   2.608
   3	   713.3	   4.448
   4	   587.2	   5.979
   5	   487.5	   7.169
   6	   411.3	   8.104
   7	     366	   8.843
   8	   454.8	   9.379
   9	     419	   9.681
  10	   310.1	   10.05
  11	   365.9	   10.29
  12	   235.9	   10.51
  13	   229.4	   10.66
  14	   129.7	   10.73
  15	   110.7	   10.78
  16	   111.1	    10.8
  17	   123.9	   10.85
  18	   96.44	   10.89
  19	   68.33	   10.91
  20	   62.17	   10.92
  21	   42.93	   10.93
  22	   39.59	   10.94
  23	   27.68	   10.94
  24	   23.05	   10.95
  25	   15.58	   10.95
  26	   12.15	   10.95
  27	   8.182	   10.95
  28	   6.346	   10.95
  29	     4.1	   10.95
  30	   3.014	   10.95
  31	   1.927	   10.95
  32	   1.703	   10.95
  33	   1.432	   10.95
  34	   1.028	   10.95
  35	  0.5525	   10.95
  36	  0.3561	   10.95
  37	  0.3044	   10.95
  38	  0.2158	   10.95
  39	  0.1236	   10.95
  40	  0.1123	   10.95
  41	  0.1172	   10.95
  42	 0.07728	   10.95
  43	 0.07118	   10.95
  44	 0.05829	   10.95
  45	 0.03327	   10.95
  46	 0.02517	   10.95
  47	 0.01996	   10.95
  48	 0.01067	   10.95
  49	0.008831	   10.95
  50	0.005943	   10.95
  51	0.003459	   10.95
  52	0.002877	   10.95
  53	0.001889	   10.95
  54	0.001268	   10.95
  55	0.0009898	   10.95
  56	0.0004919	   10.95
  57	0.0003357	   10.95
  58	0.0002389	   10.95
  59	0.000139	   10.95
  60	0.0001147	   10.95
  61	7.151e-05	   10.95
  62	5.02e-05	   10.95
  63	3.31e-05	   10.95
  64	1.883e-05	   10.95
  65	1.466e-05	   10.95
||x||_2 = 10.95
==================== TIMER SUMMARY =========================================
label               	calls     	total time	mean time	comp. intensity	 mean Gflop/s	mean Gbyte/s
----------------------------------------------
apply_preconditioning	        65	   0.02259	 0.0003475	      -nan	         0	         0
     apply_stencil3d	        66	  0.009906	 0.0001501	    0.7891	     2.756	     3.493
               axpby	       261	  0.003374	 1.293e-05	     0.125	     7.605	     60.84
           cg_solver	         1	   0.04569	   0.04569	      -nan	         0	         0
                copy	        65	  0.001144	  1.76e-05	         0	         0	     1.862
                 dot	       261	  0.004594	  1.76e-05	     0.125	     3.723	     29.79
                init	         5	 0.0003746	 7.492e-05	         0	         0	     3.499
      main_cg_solver	         1	   0.04754	   0.04754	      -nan	         0	         0
============================================================================
