tol = 1.49012e-08
   0	6.842e+04	       0
   1	2.78e+04	   2.556
   2	1.825e+04	   3.958
   3	1.446e+04	   5.145
   4	1.278e+04	   6.363
   5	1.208e+04	   7.734
   6	1.186e+04	   9.353
   7	1.185e+04	   11.28
   8	1.19e+04	   13.53
   9	1.197e+04	   16.09
  10	1.331e+04	   18.83
  11	2.129e+04	   21.01
  12	1.439e+04	   22.94
  13	1.632e+04	   25.59
  14	1.78e+04	   27.33
  15	1.357e+04	   29.76
  16	1.847e+04	   31.71
  17	1.279e+04	    33.7
  18	1.664e+04	   35.76
  19	1.293e+04	   37.42
  20	1.435e+04	   39.41
  21	1.324e+04	   40.88
  22	1.25e+04	    42.7
  23	1.325e+04	   44.08
  24	1.12e+04	    45.7
  25	1.285e+04	   47.02
  26	1.035e+04	   48.44
  27	1.212e+04	   49.72
  28	    9805	   50.96
  29	1.121e+04	   52.18
  30	    9443	   53.28
  31	1.026e+04	   54.43
  32	    9167	   55.43
  33	    9372	    56.5
  34	    8908	   57.42
  35	    8589	   58.41
  36	    8624	   59.26
  37	    7921	   60.17
  38	    8296	   60.97
  39	    7362	   61.79
  40	    7925	   62.55
  41	    6894	    63.3
  42	    7522	   64.01
  43	    6499	    64.7
  44	    7103	   65.36
  45	    6159	   65.99
  46	    6681	   66.62
  47	    5857	   67.19
  48	    6268	   67.78
  49	    5582	    68.3
  50	    5871	   68.85
  51	    5325	   69.33
  52	    5495	   69.84
  53	    5077	   70.29
  54	    5140	   70.76
  55	    4834	   71.16
  56	    4802	    71.6
  57	    4578	   71.97
  58	    4441	   72.36
  59	    4221	   72.69
  60	    3910	   73.01
  61	    3571	   73.27
  62	    3077	   73.49
  63	    2689	   73.64
  64	    2271	   73.77
  65	    2076	   73.86
  66	    1878	   73.94
  67	    1841	      74
  68	    1715	   74.07
  69	    1719	   74.13
  70	    1658	   74.18
  71	    1724	   74.24
  72	    1681	    74.3
  73	    1733	   74.36
  74	    1699	   74.43
  75	    1744	   74.49
  76	    1688	   74.55
  77	    1688	   74.62
  78	    1630	   74.68
  79	    1594	   74.74
  80	    1519	   74.79
  81	    1460	   74.85
  82	    1390	   74.89
  83	    1307	   74.94
  84	    1249	   74.98
  85	    1164	   75.01
  86	    1113	   75.05
  87	    1028	   75.07
  88	   992.7	    75.1
  89	   908.3	   75.12
  90	   884.1	   75.14
  91	   806.4	   75.16
  92	   787.2	   75.18
  93	   716.4	   75.19
  94	     703	   75.21
  95	   635.8	   75.22
  96	   626.8	   75.23
  97	   564.8	   75.24
  98	   555.9	   75.25
  99	   500.3	   75.26
 100	   490.4	   75.26
 101	   440.1	   75.27
 102	   430.5	   75.28
 103	     385	   75.28
 104	   375.1	   75.29
 105	   335.1	   75.29
 106	   324.2	   75.29
 107	   290.2	   75.29
 108	   278.7	    75.3
 109	     250	    75.3
 110	   238.9	    75.3
 111	   214.9	    75.3
 112	   204.7	    75.3
 113	   185.1	   75.31
 114	   175.7	   75.31
 115	   160.5	   75.31
 116	   152.2	   75.31
 117	     141	   75.31
 118	   133.8	   75.31
 119	   125.3	   75.31
 120	   117.8	   75.31
 121	   108.5	   75.31
 122	      97	   75.31
 123	   83.51	   75.31
 124	   67.58	   75.31
 125	    53.1	   75.31
 126	   39.89	   75.31
 127	   31.94	   75.31
 128	   28.17	   75.31
 129	   31.51	   75.31
 130	   39.77	   75.31
 131	   52.87	   75.31
 132	   55.11	   75.31
 133	    44.2	   75.31
 134	    27.3	   75.31
 135	   17.95	   75.31
 136	   14.75	   75.31
 137	   18.76	   75.31
 138	   24.56	   75.31
 139	   24.62	   75.31
 140	   15.86	   75.31
 141	   10.61	   75.31
 142	   9.759	   75.31
 143	    12.9	   75.31
 144	      13	   75.31
 145	   9.066	   75.31
 146	   6.177	   75.31
 147	   6.788	   75.31
 148	   8.162	   75.31
 149	   6.783	   75.31
 150	   4.396	   75.31
 151	   4.208	   75.31
 152	   5.122	   75.31
 153	    4.54	   75.31
 154	   3.062	   75.31
 155	   3.009	   75.31
 156	   3.649	   75.31
 157	    3.04	   75.31
 158	   2.209	   75.31
 159	   2.462	   75.31
 160	   2.811	   75.31
 161	   2.125	   75.31
 162	   1.826	   75.31
 163	   2.265	   75.31
 164	   2.174	   75.31
 165	   1.625	   75.31
 166	   1.811	   75.31
 167	   2.064	   75.31
 168	    1.61	   75.31
 169	   1.487	   75.31
 170	   1.841	   75.31
 171	   1.534	   75.31
 172	   1.284	   75.31
 173	   1.509	   75.31
 174	   1.413	   75.31
 175	    1.07	   75.31
 176	   1.215	   75.31
 177	   1.177	   75.31
 178	  0.8999	   75.31
 179	  0.9361	   75.31
 180	  0.9649	   75.31
 181	  0.6964	   75.31
 182	  0.7038	   75.31
 183	  0.7008	   75.31
 184	   0.513	   75.31
 185	  0.4823	   75.31
 186	  0.4972	   75.31
 187	  0.3608	   75.31
 188	  0.3601	   75.31
 189	  0.3762	   75.31
 190	  0.2971	   75.31
 191	  0.3072	   75.31
 192	   0.324	   75.31
 193	  0.2442	   75.31
 194	  0.2459	   75.31
 195	  0.2185	   75.31
 196	  0.1509	   75.31
 197	  0.1442	   75.31
 198	    0.13	   75.31
 199	  0.1032	   75.31
 200	  0.1203	   75.31
 201	  0.1116	   75.31
 202	 0.09139	   75.31
 203	 0.09283	   75.31
 204	  0.0696	   75.31
 205	 0.05789	   75.31
 206	 0.06399	   75.31
 207	 0.05334	   75.31
 208	 0.05226	   75.31
 209	 0.05049	   75.31
 210	 0.03736	   75.31
 211	  0.0389	   75.31
 212	 0.03793	   75.31
 213	 0.03158	   75.31
 214	 0.03265	   75.31
 215	 0.02532	   75.31
 216	 0.02203	   75.31
 217	 0.02373	   75.31
 218	 0.01864	   75.31
 219	 0.01737	   75.31
 220	  0.0157	   75.31
 221	 0.01238	   75.31
 222	 0.01318	   75.31
 223	 0.01064	   75.31
 224	0.008644	   75.31
 225	0.008787	   75.31
 226	0.007129	   75.31
 227	0.006828	   75.31
 228	0.006205	   75.31
 229	0.004934	   75.31
 230	0.005408	   75.31
 231	0.004493	   75.31
 232	0.003909	   75.31
 233	0.003957	   75.31
 234	0.003349	   75.31
 235	0.003415	   75.31
 236	0.002993	   75.31
 237	0.002529	   75.31
 238	0.002732	   75.31
 239	0.002105	   75.31
 240	0.001944	   75.31
 241	0.001785	   75.31
 242	0.001441	   75.31
 243	0.001404	   75.31
 244	0.001132	   75.31
 245	0.001066	   75.31
 246	0.001052	   75.31
 247	0.0008424	   75.31
 248	0.0009271	   75.31
 249	0.0008364	   75.31
 250	0.0007967	   75.31
 251	0.0008134	   75.31
 252	0.0006925	   75.31
 253	0.0007027	   75.31
 254	0.0005759	   75.31
 255	0.000489	   75.31
 256	0.0004503	   75.31
 257	0.0003244	   75.31
 258	0.0003081	   75.31
 259	0.0002564	   75.31
 260	0.0002259	   75.31
 261	0.0002288	   75.31
 262	0.0001929	   75.31
 263	0.0001953	   75.31
 264	0.0001626	   75.31
 265	0.000144	   75.31
||x||_2 = 75.31
==================== TIMER SUMMARY =========================================
label               	calls     	total time	mean time	comp. intensity	 mean Gflop/s	mean Gbyte/s
----------------------------------------------
apply_preconditioning	       265	    0.8586	   0.00324	      -nan	         0	         0
     apply_stencil3d	       266	    0.3705	  0.001393	    0.8066	     19.43	     24.09
               axpby	      1061	    0.2054	 0.0001936	     0.125	      32.5	       260
           cg_solver	         1	     2.397	     2.397	      -nan	         0	         0
                copy	       265	     0.114	 0.0004301	         0	         0	     4.876
                 dot	      1061	    0.1151	 0.0001085	     0.125	     38.67	     309.3
                init	         5	   0.00432	 0.0008641	         0	         0	     19.42
      main_cg_solver	         1	     2.402	     2.402	      -nan	         0	         0
============================================================================
