tol = 1.49012e-08
index = 2000376, m = 2000376
alpha =  29.6073	beta =   193518
   0	6.842e+04	       0
   1	3.716e+04	   15.92
   2	2.598e+04	   35.61
   3	1.741e+04	   52.54
   4	1.14e+04	   63.41
   5	    7592	   70.04
   6	    4515	   73.02
   7	    2742	   74.18
   8	    1709	   74.81
   9	   996.7	    75.1
  10	   577.2	   75.22
  11	     351	   75.26
  12	   238.7	   75.28
  13	   141.8	   75.29
  14	   83.52	    75.3
  15	   54.24	   75.31
  16	   31.22	   75.31
  17	   19.12	   75.32
  18	    12.4	   75.31
  19	   7.634	   75.31
  20	    4.81	   75.31
  21	   2.827	   75.31
  22	   1.932	   75.31
  23	   1.196	   75.31
  24	  0.7249	   75.31
  25	  0.4278	   75.31
  26	  0.2518	   75.31
  27	  0.1347	   75.31
  28	 0.07249	   75.31
  29	  0.0474	   75.31
  30	 0.02942	   75.31
  31	  0.0174	   75.31
  32	 0.01074	   75.31
  33	0.005867	   75.31
  34	0.003481	   75.31
  35	0.002414	   75.31
  36	0.001426	   75.31
  37	0.0008518	   75.31
  38	0.0005084	   75.31
  39	0.0002767	   75.31
  40	0.0001782	   75.31
  41	0.0001081	   75.31
  42	6.896e-05	   75.31
  43	4.086e-05	   75.31
  44	2.207e-05	   75.31
  45	1.374e-05	   75.31
  46	8.763e-06	   75.31
  47	5.859e-06	   75.31
  48	3.801e-06	   75.31
  49	2.338e-06	   75.31
  50	1.184e-06	   75.31
  51	7.101e-07	   75.31
  52	4.687e-07	   75.31
  53	2.875e-07	   75.31
  54	1.683e-07	   75.31
  55	9.537e-08	   75.31
  56	6.241e-08	   75.31
  57	3.925e-08	   75.31
  58	2.176e-08	   75.31
  59	1.239e-08	   75.31
||x||_2 = 75.31
==================== TIMER SUMMARY =========================================
label               	calls     	total time	mean time	comp. intensity	 mean Gflop/s	mean Gbyte/s
----------------------------------------------
apply_preconditioning	        59	     17.99	     0.305	      -nan	         0	         0
     apply_stencil3d	        60	    0.6921	   0.01153	    0.8066	     2.347	     2.909
               axpby	       178	    0.2017	  0.001133	     0.125	     5.551	     44.41
           cg_solver	         1	     19.25	     19.25	      -nan	         0	         0
                 dot	       178	    0.1392	 0.0007822	     0.125	     5.362	      42.9
                init	         4	  0.006701	  0.001675	         0	         0	     10.01
      main_cg_solver	         1	     19.26	     19.26	      -nan	         0	         0
============================================================================
