tol = 1.49012e-08
index = 238328, m = 238328
alpha =  29.6027	beta =  47598.4
   0	    8484	       0
   1	    4960	    6.71
   2	    3553	   15.26
   3	    2319	   21.22
   4	    1538	   24.78
   5	    1011	   26.89
   6	   556.1	   27.51
   7	   357.7	   27.81
   8	   207.4	   27.94
   9	   114.7	   27.98
  10	   70.71	      28
  11	    50.8	      28
  12	    33.5	      28
  13	   18.66	      28
  14	   11.83	      28
  15	   7.844	   27.99
  16	   4.476	   27.99
  17	   2.997	   27.99
  18	    1.79	   27.99
  19	  0.9666	   27.99
  20	  0.5733	   27.99
  21	  0.3779	   27.99
  22	  0.2355	   27.99
  23	   0.116	   27.99
  24	 0.07015	   27.99
  25	 0.04287	   27.99
  26	 0.02244	   27.99
  27	 0.01361	   27.99
  28	0.008967	   27.99
  29	0.005759	   27.99
  30	0.003718	   27.99
  31	0.002334	   27.99
  32	0.001351	   27.99
  33	0.000756	   27.99
  34	0.0004351	   27.99
  35	0.0002821	   27.99
  36	0.0001777	   27.99
  37	0.0001131	   27.99
  38	6.19e-05	   27.99
  39	3.462e-05	   27.99
  40	2.058e-05	   27.99
  41	1.081e-05	   27.99
  42	5.673e-06	   27.99
  43	3.831e-06	   27.99
  44	2.541e-06	   27.99
  45	1.46e-06	   27.99
  46	9.323e-07	   27.99
  47	5.53e-07	   27.99
  48	2.555e-07	   27.99
  49	1.555e-07	   27.99
  50	1.092e-07	   27.99
  51	7.923e-08	   27.99
  52	3.636e-08	   27.99
  53	1.901e-08	   27.99
  54	1.02e-08	   27.99
||x||_2 = 27.99
==================== TIMER SUMMARY =========================================
label               	calls     	total time	mean time	comp. intensity	 mean Gflop/s	mean Gbyte/s
----------------------------------------------
apply_preconditioning	        54	    0.2627	  0.004865	      -nan	         0	         0
     apply_stencil3d	        55	   0.01795	 0.0003263	    0.8008	     10.29	     12.85
               axpby	       163	  0.004169	 2.558e-05	     0.125	     30.75	       246
           cg_solver	         1	    0.3208	    0.3208	      -nan	         0	         0
                 dot	       163	  0.004054	 2.487e-05	     0.125	     21.08	     168.7
                init	         4	  0.001052	 0.0002629	         0	         0	     7.977
      main_cg_solver	         1	    0.3234	    0.3234	      -nan	         0	         0
============================================================================
