tol = 1.49012e-08
index = 238328, m = 238328
alpha =  29.6027	beta =  47598.4
   0	    8484	       0
   1	    3383	   1.497
   2	    2798	   2.825
   3	    2798	   4.697
   4	    2771	   7.217
   5	    2604	   9.972
   6	    2356	   12.58
   7	    2095	   14.89
   8	    1860	   16.89
   9	    1659	   18.61
  10	    1490	    20.1
  11	    1345	   21.39
  12	    1216	   22.53
  13	    1100	   23.52
  14	   995.2	   24.38
  15	   901.7	   25.14
  16	   817.5	   25.81
  17	   740.1	   26.38
  18	   657.8	   26.88
  19	   502.8	   27.26
  20	   307.5	   27.44
  21	   260.6	   27.52
  22	   259.3	    27.6
  23	     265	   27.68
  24	   245.9	   27.77
  25	   207.8	   27.84
  26	   169.1	   27.89
  27	   137.5	   27.92
  28	   112.9	   27.95
  29	   93.01	   27.96
  30	   75.78	   27.97
  31	   60.52	   27.98
  32	   47.27	   27.99
  33	   36.27	   27.99
  34	    27.7	   27.99
  35	   21.56	   27.99
  36	    17.1	   27.99
  37	   11.52	   27.99
  38	   5.478	   27.99
  39	   5.253	   27.99
  40	   6.355	   27.99
  41	     2.2	   27.99
  42	   3.127	   27.99
  43	   1.247	   27.99
  44	  0.9942	   27.99
  45	  0.8918	   27.99
  46	  0.4681	   27.99
  47	  0.3522	   27.99
  48	  0.3531	   27.99
  49	  0.3325	   27.99
  50	  0.2501	   27.99
  51	  0.2105	   27.99
  52	  0.1903	   27.99
  53	  0.1635	   27.99
  54	  0.1181	   27.99
  55	 0.07625	   27.99
  56	 0.05647	   27.99
  57	   0.048	   27.99
  58	 0.03607	   27.99
  59	 0.02505	   27.99
  60	 0.02182	   27.99
  61	 0.01844	   27.99
  62	  0.0175	   27.99
  63	 0.01641	   27.99
  64	 0.01579	   27.99
  65	 0.01523	   27.99
  66	 0.01492	   27.99
  67	  0.0147	   27.99
  68	 0.01449	   27.99
  69	 0.01426	   27.99
  70	 0.01397	   27.99
  71	  0.0136	   27.99
  72	 0.01315	   27.99
  73	 0.01253	   27.99
  74	 0.01141	   27.99
  75	0.009646	   27.99
  76	0.008069	   27.99
  77	0.006571	   27.99
  78	0.004437	   27.99
  79	0.003005	   27.99
  80	0.002371	   27.99
  81	0.002074	   27.99
  82	 0.00197	   27.99
  83	0.001906	   27.99
  84	0.001866	   27.99
  85	0.001835	   27.99
  86	0.001799	   27.99
  87	0.001755	   27.99
  88	0.001683	   27.99
  89	0.001582	   27.99
  90	0.001457	   27.99
  91	0.001274	   27.99
  92	0.001026	   27.99
  93	0.0007636	   27.99
  94	0.0005661	   27.99
  95	0.0004764	   27.99
  96	0.0004379	   27.99
  97	0.0004165	   27.99
  98	0.0004037	   27.99
  99	0.0003921	   27.99
 100	0.0003811	   27.99
 101	0.0003646	   27.99
 102	0.0003341	   27.99
 103	0.0002866	   27.99
 104	0.0002361	   27.99
 105	0.0001943	   27.99
 106	0.0001733	   27.99
 107	0.0001617	   27.99
 108	0.0001539	   27.99
 109	0.0001469	   27.99
 110	0.000139	   27.99
 111	0.0001321	   27.99
 112	0.0001267	   27.99
 113	0.0001202	   27.99
 114	0.0001114	   27.99
 115	9.668e-05	   27.99
 116	7.279e-05	   27.99
 117	5.54e-05	   27.99
 118	4.805e-05	   27.99
 119	4.412e-05	   27.99
 120	4.217e-05	   27.99
 121	4.05e-05	   27.99
 122	3.898e-05	   27.99
 123	3.717e-05	   27.99
 124	3.522e-05	   27.99
 125	3.269e-05	   27.99
 126	2.951e-05	   27.99
 127	2.547e-05	   27.99
 128	2.241e-05	   27.99
 129	2.073e-05	   27.99
 130	1.947e-05	   27.99
 131	1.817e-05	   27.99
 132	1.66e-05	   27.99
 133	1.548e-05	   27.99
 134	1.463e-05	   27.99
 135	1.37e-05	   27.99
 136	1.274e-05	   27.99
 137	1.18e-05	   27.99
 138	1.064e-05	   27.99
 139	9.389e-06	   27.99
 140	8.097e-06	   27.99
 141	7.019e-06	   27.99
 142	6.317e-06	   27.99
 143	5.968e-06	   27.99
 144	5.738e-06	   27.99
 145	5.517e-06	   27.99
 146	5.21e-06	   27.99
 147	4.586e-06	   27.99
 148	3.633e-06	   27.99
 149	2.839e-06	   27.99
 150	2.557e-06	   27.99
 151	2.435e-06	   27.99
 152	2.353e-06	   27.99
 153	2.277e-06	   27.99
 154	2.188e-06	   27.99
 155	2.051e-06	   27.99
 156	1.856e-06	   27.99
 157	1.585e-06	   27.99
 158	1.349e-06	   27.99
 159	1.206e-06	   27.99
 160	1.137e-06	   27.99
 161	1.068e-06	   27.99
 162	9.932e-07	   27.99
 163	9.162e-07	   27.99
 164	8.387e-07	   27.99
 165	7.644e-07	   27.99
 166	6.85e-07	   27.99
 167	6.047e-07	   27.99
 168	5.403e-07	   27.99
 169	4.91e-07	   27.99
 170	4.633e-07	   27.99
 171	4.413e-07	   27.99
 172	4.173e-07	   27.99
 173	3.816e-07	   27.99
 174	3.395e-07	   27.99
 175	3.027e-07	   27.99
 176	2.703e-07	   27.99
 177	2.427e-07	   27.99
 178	2.23e-07	   27.99
 179	2.12e-07	   27.99
 180	2.032e-07	   27.99
 181	1.916e-07	   27.99
 182	1.742e-07	   27.99
 183	1.504e-07	   27.99
 184	1.275e-07	   27.99
 185	1.129e-07	   27.99
 186	1.064e-07	   27.99
 187	1.022e-07	   27.99
 188	9.754e-08	   27.99
 189	9.051e-08	   27.99
 190	7.997e-08	   27.99
 191	7.026e-08	   27.99
 192	6.177e-08	   27.99
 193	5.394e-08	   27.99
 194	4.954e-08	   27.99
 195	4.69e-08	   27.99
 196	4.415e-08	   27.99
 197	4.151e-08	   27.99
 198	3.852e-08	   27.99
 199	3.467e-08	   27.99
 200	3.041e-08	   27.99
 201	2.753e-08	   27.99
 202	2.54e-08	   27.99
 203	2.393e-08	   27.99
 204	2.286e-08	   27.99
 205	2.183e-08	   27.99
 206	2.042e-08	   27.99
 207	1.817e-08	   27.99
 208	1.587e-08	   27.99
 209	1.42e-08	   27.99
||x||_2 = 27.99
==================== TIMER SUMMARY =========================================
label               	calls     	total time	mean time	comp. intensity	 mean Gflop/s	mean Gbyte/s
----------------------------------------------
apply_preconditioning	       209	    0.3238	  0.001549	      -nan	         0	         0
     apply_stencil3d	       210	    0.0711	 0.0003386	    0.8008	     9.921	     12.39
               axpby	       628	   0.01641	 2.613e-05	     0.125	      30.1	     240.8
           cg_solver	         1	    0.5158	    0.5158	      -nan	         0	         0
                 dot	       628	   0.01582	  2.52e-05	     0.125	     20.81	     166.5
                init	         4	  0.001028	 0.0002569	         0	         0	     8.163
      main_cg_solver	         1	    0.5186	    0.5186	      -nan	         0	         0
============================================================================
