tol = 1.49012e-08
index = 16387064, m = 16387064
alpha =  29.6084	beta =   780270
   0	5.529e+05	       0
   1	3.61e+05	   9.376
   2	2.897e+05	    13.5
   3	2.455e+05	   17.14
   4	2.173e+05	   20.82
   5	1.974e+05	   25.03
   6	1.828e+05	   30.11
   7	1.727e+05	   36.15
   8	1.654e+05	    43.2
   9	1.598e+05	   51.15
  10	1.552e+05	   59.76
  11	1.505e+05	    68.8
  12	1.455e+05	   77.99
  13	1.401e+05	   87.09
  14	1.342e+05	   95.95
  15	1.281e+05	   104.4
  16	1.218e+05	   112.5
  17	1.156e+05	     120
  18	1.095e+05	   127.1
  19	1.036e+05	   133.7
  20	9.804e+04	   139.9
  21	9.278e+04	   145.6
  22	8.782e+04	     151
  23	8.315e+04	     156
  24	7.879e+04	   160.6
  25	7.469e+04	     165
  26	7.082e+04	     169
  27	6.72e+04	   172.8
  28	6.377e+04	   176.4
  29	6.054e+04	   179.7
  30	5.748e+04	   182.8
  31	5.458e+04	   185.6
  32	5.182e+04	   188.3
  33	4.92e+04	   190.9
  34	4.67e+04	   193.2
  35	4.432e+04	   195.4
  36	4.204e+04	   197.4
  37	3.982e+04	   199.3
  38	3.737e+04	   200.9
  39	3.45e+04	     202
  40	3.155e+04	   202.8
  41	2.883e+04	   203.4
  42	2.643e+04	   203.9
  43	2.436e+04	   204.4
  44	2.262e+04	   204.7
  45	2.12e+04	   205.1
  46	2.005e+04	   205.4
  47	1.913e+04	   205.7
  48	1.834e+04	     206
  49	1.762e+04	   206.3
  50	1.691e+04	   206.5
  51	1.617e+04	   206.7
  52	1.54e+04	   206.9
  53	1.46e+04	   207.1
  54	1.379e+04	   207.3
  55	1.299e+04	   207.4
  56	1.221e+04	   207.5
  57	1.147e+04	   207.6
  58	1.078e+04	   207.7
  59	1.013e+04	   207.8
  60	    9534	   207.8
  61	    8989	   207.9
  62	    8490	   207.9
  63	    8037	   207.9
  64	    7625	     208
  65	    7252	     208
  66	    6913	     208
  67	    6607	     208
  68	    6330	     208
  69	    6078	     208
  70	    5851	     208
  71	    5643	     208
  72	    5452	     208
  73	    5277	     208
  74	    5126	     208
  75	    5025	     208
  76	    4857	     208
  77	    4713	     208
  78	    4535	     208
  79	    4340	     208
  80	    4139	     208
  81	    3932	     208
  82	    3717	     208
  83	    3495	     208
  84	    3263	     208
  85	    3041	   207.9
  86	    2847	   207.9
  87	    2633	   207.9
  88	    2423	   207.9
  89	    2259	   207.9
  90	    2067	   207.9
  91	    1927	   207.9
  92	    1755	   207.9
  93	    1638	   207.9
  94	    1497	   207.8
  95	    1400	   207.8
  96	    1282	   207.8
  97	    1190	   207.8
  98	    1119	   207.8
  99	    1026	   207.8
 100	   958.5	   207.8
 101	   904.2	   207.8
 102	   845.4	   207.8
 103	   786.7	   207.8
 104	   742.9	   207.8
 105	   707.8	   207.8
 106	   667.6	   207.8
 107	   625.1	   207.8
 108	   584.8	   207.8
 109	   554.5	   207.8
 110	   524.1	   207.8
 111	   492.7	   207.8
 112	   452.9	   207.8
 113	   413.6	   207.8
 114	   379.8	   207.8
 115	   348.6	   207.8
 116	   328.1	   207.8
 117	   309.3	   207.8
 118	   294.7	   207.8
 119	   281.1	   207.8
 120	   266.6	   207.8
 121	     253	   207.8
 122	   238.7	   207.8
 123	   222.6	   207.8
 124	     208	   207.8
 125	   193.2	   207.8
 126	   178.2	   207.8
 127	     165	   207.8
 128	   152.4	   207.8
 129	     140	   207.8
 130	   129.4	   207.8
 131	   118.7	   207.8
 132	   109.5	   207.8
 133	   100.2	   207.8
 134	   92.09	   207.8
 135	   84.62	   207.8
 136	   78.01	   207.8
 137	   72.08	   207.8
 138	   66.96	   207.8
 139	   62.62	   207.8
 140	   58.98	   207.8
 141	    55.8	   207.8
 142	   53.13	   207.8
 143	   50.45	   207.8
 144	      48	   207.8
 145	   45.61	   207.8
 146	   43.21	   207.8
 147	   40.84	   207.8
 148	   38.89	   207.8
 149	   37.57	   207.8
 150	   36.16	   207.8
 151	   34.56	   207.8
 152	   33.54	   207.8
 153	   32.26	   207.8
 154	   31.03	   207.8
 155	    29.9	   207.8
 156	   28.46	   207.8
 157	   26.79	   207.8
 158	   25.22	   207.8
 159	   23.68	   207.8
 160	   22.11	   207.8
 161	   20.55	   207.8
 162	   18.98	   207.8
 163	   17.07	   207.8
 164	   15.85	   207.8
 165	   14.48	   207.8
 166	   13.04	   207.8
 167	   12.35	   207.8
 168	   10.95	   207.8
 169	   10.26	   207.8
 170	    9.19	   207.8
 171	   8.519	   207.8
 172	   8.081	   207.8
 173	   7.363	   207.8
 174	   7.016	   207.8
 175	   6.522	   207.8
 176	   6.159	   207.8
 177	   5.866	   207.8
 178	   5.492	   207.8
 179	   5.267	   207.8
 180	   4.998	   207.8
 181	   4.711	   207.8
 182	    4.49	   207.8
 183	   4.174	   207.8
 184	   3.923	   207.8
 185	   3.692	   207.8
 186	   3.461	   207.8
 187	   3.292	   207.8
 188	   3.128	   207.8
 189	   2.916	   207.8
 190	   2.745	   207.8
 191	   2.561	   207.8
 192	   2.368	   207.8
 193	   2.244	   207.8
 194	   2.096	   207.8
 195	   1.964	   207.8
 196	   1.871	   207.8
 197	   1.772	   207.8
 198	   1.677	   207.8
 199	   1.587	   207.8
 200	   1.497	   207.8
 201	   1.422	   207.8
 202	   1.346	   207.8
 203	   1.275	   207.8
 204	   1.209	   207.8
 205	   1.144	   207.8
 206	   1.078	   207.8
 207	   1.027	   207.8
 208	  0.9759	   207.8
 209	  0.9298	   207.8
 210	  0.8814	   207.8
 211	  0.8367	   207.8
 212	  0.7894	   207.8
 213	  0.7485	   207.8
 214	  0.7102	   207.8
 215	   0.666	   207.8
 216	  0.6253	   207.8
 217	  0.5863	   207.8
 218	  0.5541	   207.8
 219	  0.5245	   207.8
 220	  0.4915	   207.8
 221	  0.4667	   207.8
 222	  0.4411	   207.8
 223	  0.4099	   207.8
 224	  0.3797	   207.8
 225	  0.3494	   207.8
 226	  0.3218	   207.8
 227	  0.3022	   207.8
 228	  0.2822	   207.8
 229	  0.2624	   207.8
 230	  0.2499	   207.8
 231	  0.2348	   207.8
 232	  0.2217	   207.8
 233	  0.2104	   207.8
 234	  0.1999	   207.8
 235	  0.1917	   207.8
 236	   0.184	   207.8
 237	  0.1761	   207.8
 238	  0.1682	   207.8
 239	  0.1591	   207.8
 240	  0.1476	   207.8
 241	  0.1362	   207.8
 242	  0.1247	   207.8
 243	  0.1146	   207.8
 244	  0.1028	   207.8
 245	  0.0924	   207.8
 246	 0.08133	   207.8
 247	 0.07193	   207.8
 248	 0.06334	   207.8
 249	 0.05795	   207.8
 250	 0.05334	   207.8
 251	 0.04868	   207.8
 252	 0.04504	   207.8
 253	 0.04219	   207.8
 254	 0.03998	   207.8
 255	 0.03767	   207.8
 256	 0.03514	   207.8
 257	 0.03245	   207.8
 258	 0.02927	   207.8
 259	 0.02606	   207.8
 260	 0.02328	   207.8
 261	  0.0206	   207.8
 262	 0.01819	   207.8
 263	 0.01633	   207.8
 264	 0.01487	   207.8
 265	 0.01365	   207.8
 266	 0.01242	   207.8
 267	 0.01109	   207.8
 268	0.009684	   207.8
 269	0.008428	   207.8
 270	0.007287	   207.8
 271	0.006415	   207.8
 272	0.005761	   207.8
 273	0.005246	   207.8
 274	0.004789	   207.8
 275	 0.00434	   207.8
 276	0.003897	   207.8
 277	0.003536	   207.8
 278	0.003263	   207.8
 279	0.003093	   207.8
 280	0.002959	   207.8
 281	0.002841	   207.8
 282	0.002727	   207.8
 283	0.002607	   207.8
 284	0.002515	   207.8
 285	0.002446	   207.8
 286	0.002374	   207.8
 287	0.002265	   207.8
 288	0.002146	   207.8
 289	 0.00201	   207.8
 290	 0.00188	   207.8
 291	0.001772	   207.8
 292	0.001636	   207.8
 293	0.001449	   207.8
 294	0.001281	   207.8
 295	0.001172	   207.8
 296	0.001114	   207.8
 297	0.001053	   207.8
 298	0.0009799	   207.8
 299	0.0009121	   207.8
 300	0.0008464	   207.8
 301	0.0007934	   207.8
 302	0.0007548	   207.8
 303	0.0007089	   207.8
 304	0.0006666	   207.8
 305	0.0006359	   207.8
 306	0.0006035	   207.8
 307	0.0005706	   207.8
 308	0.0005333	   207.8
 309	0.0004982	   207.8
 310	0.0004697	   207.8
 311	0.0004422	   207.8
 312	0.000415	   207.8
 313	0.0003886	   207.8
 314	0.0003612	   207.8
 315	0.0003334	   207.8
 316	0.0003071	   207.8
 317	0.0002811	   207.8
 318	0.0002556	   207.8
 319	0.0002238	   207.8
 320	0.0001972	   207.8
 321	0.0001773	   207.8
 322	0.0001641	   207.8
 323	0.0001483	   207.8
 324	0.0001296	   207.8
 325	0.0001133	   207.8
 326	0.0001027	   207.8
 327	9.487e-05	   207.8
 328	8.594e-05	   207.8
 329	7.672e-05	   207.8
 330	6.839e-05	   207.8
 331	6.097e-05	   207.8
 332	5.412e-05	   207.8
 333	4.846e-05	   207.8
 334	4.492e-05	   207.8
 335	4.248e-05	   207.8
 336	4.017e-05	   207.8
 337	3.83e-05	   207.8
 338	3.637e-05	   207.8
 339	3.436e-05	   207.8
 340	3.248e-05	   207.8
 341	3.089e-05	   207.8
 342	2.96e-05	   207.8
 343	2.859e-05	   207.8
 344	2.777e-05	   207.8
 345	2.706e-05	   207.8
 346	2.604e-05	   207.8
 347	2.494e-05	   207.8
 348	2.421e-05	   207.8
 349	2.376e-05	   207.8
 350	2.32e-05	   207.8
 351	2.248e-05	   207.8
 352	2.169e-05	   207.8
 353	2.084e-05	   207.8
 354	1.991e-05	   207.8
 355	1.886e-05	   207.8
 356	1.767e-05	   207.8
 357	1.659e-05	   207.8
 358	1.537e-05	   207.8
 359	1.396e-05	   207.8
 360	1.254e-05	   207.8
 361	1.142e-05	   207.8
 362	1.051e-05	   207.8
 363	9.637e-06	   207.8
 364	8.598e-06	   207.8
 365	7.531e-06	   207.8
 366	6.543e-06	   207.8
 367	5.795e-06	   207.8
 368	5.234e-06	   207.8
 369	4.59e-06	   207.8
 370	4.127e-06	   207.8
 371	3.889e-06	   207.8
 372	3.702e-06	   207.8
 373	3.483e-06	   207.8
 374	3.296e-06	   207.8
 375	3.103e-06	   207.8
 376	2.89e-06	   207.8
 377	2.694e-06	   207.8
 378	2.532e-06	   207.8
 379	2.43e-06	   207.8
 380	2.322e-06	   207.8
 381	2.233e-06	   207.8
 382	2.162e-06	   207.8
 383	2.083e-06	   207.8
 384	1.96e-06	   207.8
 385	1.839e-06	   207.8
 386	1.752e-06	   207.8
 387	1.636e-06	   207.8
 388	1.459e-06	   207.8
 389	1.315e-06	   207.8
 390	1.22e-06	   207.8
 391	1.129e-06	   207.8
 392	1.02e-06	   207.8
 393	9.368e-07	   207.8
 394	8.759e-07	   207.8
 395	 8.1e-07	   207.8
 396	7.542e-07	   207.8
 397	7.072e-07	   207.8
 398	6.572e-07	   207.8
 399	6.173e-07	   207.8
 400	5.785e-07	   207.8
 401	5.424e-07	   207.8
 402	5.125e-07	   207.8
 403	4.943e-07	   207.8
 404	4.769e-07	   207.8
 405	4.581e-07	   207.8
 406	4.401e-07	   207.8
 407	 4.2e-07	   207.8
 408	3.955e-07	   207.8
 409	3.72e-07	   207.8
 410	3.504e-07	   207.8
 411	3.251e-07	   207.8
 412	3.013e-07	   207.8
 413	2.802e-07	   207.8
 414	2.627e-07	   207.8
 415	2.472e-07	   207.8
 416	2.36e-07	   207.8
 417	2.262e-07	   207.8
 418	2.179e-07	   207.8
 419	2.104e-07	   207.8
 420	1.991e-07	   207.8
 421	1.843e-07	   207.8
 422	1.728e-07	   207.8
 423	1.654e-07	   207.8
 424	1.581e-07	   207.8
 425	1.513e-07	   207.8
 426	1.467e-07	   207.8
 427	1.418e-07	   207.8
 428	1.351e-07	   207.8
 429	1.277e-07	   207.8
 430	1.207e-07	   207.8
 431	1.129e-07	   207.8
 432	1.029e-07	   207.8
 433	9.273e-08	   207.8
 434	8.211e-08	   207.8
 435	7.142e-08	   207.8
 436	6.283e-08	   207.8
 437	5.699e-08	   207.8
 438	5.192e-08	   207.8
 439	4.677e-08	   207.8
 440	4.296e-08	   207.8
 441	4.002e-08	   207.8
 442	3.81e-08	   207.8
 443	3.69e-08	   207.8
 444	3.601e-08	   207.8
 445	3.509e-08	   207.8
 446	3.419e-08	   207.8
 447	3.316e-08	   207.8
 448	3.18e-08	   207.8
 449	2.976e-08	   207.8
 450	2.732e-08	   207.8
 451	2.465e-08	   207.8
 452	2.174e-08	   207.8
 453	1.898e-08	   207.8
 454	1.685e-08	   207.8
 455	1.544e-08	   207.8
 456	1.427e-08	   207.8
||x||_2 = 207.8
==================== TIMER SUMMARY =========================================
label               	calls     	total time	mean time	comp. intensity	 mean Gflop/s	mean Gbyte/s
----------------------------------------------
apply_preconditioning	       456	     44.61	   0.09782	      -nan	         0	         0
     apply_stencil3d	       457	     4.341	    0.0095	    0.8096	     22.88	     28.26
               axpby	      1369	     3.791	  0.002769	     0.125	     18.18	     145.4
           cg_solver	         1	     63.74	     63.74	      -nan	         0	         0
                 dot	      1369	     1.496	  0.001093	     0.125	      30.7	     245.6
                init	         4	  0.009535	  0.002384	         0	         0	      56.3
      main_cg_solver	         1	     63.76	     63.76	      -nan	         0	         0
============================================================================
