tol = 1.49012e-08
index = 27000, m = 27000
alpha =  29.5835	beta =  11502.4
   0	    1146	       0
   1	   541.2	   6.421
   2	     229	   9.819
   3	   86.76	   10.76
   4	   30.94	   10.93
   5	   9.386	   10.95
   6	   4.084	   10.95
   7	   1.365	   10.95
   8	  0.4961	   10.95
   9	  0.2248	   10.95
  10	 0.06877	   10.95
  11	 0.02458	   10.95
  12	0.007428	   10.95
  13	0.003102	   10.95
  14	0.001158	   10.95
  15	0.0003667	   10.95
  16	0.0001217	   10.95
  17	4.119e-05	   10.95
  18	1.806e-05	   10.95
  19	5.184e-06	   10.95
  20	1.799e-06	   10.95
  21	7.613e-07	   10.95
  22	2.634e-07	   10.95
  23	1.13e-07	   10.95
  24	2.659e-08	   10.95
  25	8.195e-09	   10.95
||x||_2 = 10.95
==================== TIMER SUMMARY =========================================
label               	calls     	total time	mean time	comp. intensity	 mean Gflop/s	mean Gbyte/s
----------------------------------------------
apply_preconditioning	        25	   0.05508	  0.002203	      -nan	         0	         0
     apply_stencil3d	        26	  0.003777	 0.0001453	    0.7891	     2.848	     3.609
               axpby	        76	  0.001112	 1.463e-05	     0.125	     6.718	     53.74
           cg_solver	         1	   0.06439	   0.06439	      -nan	         0	         0
                 dot	        76	  0.001271	 1.672e-05	     0.125	     3.919	     31.35
                init	         4	 0.0003055	 7.636e-05	         0	         0	     3.433
      main_cg_solver	         1	   0.06626	   0.06626	      -nan	         0	         0
============================================================================
