tol = 1.49012e-08
   0	    8484	       0
   1	    3204	   1.664
   2	    2841	   3.333
   3	    2873	   5.808
   4	    2729	   8.936
   5	    2440	   12.04
   6	    2133	   14.77
   7	    1864	   17.07
   8	    1638	   19.01
   9	    1448	   20.65
  10	    1285	   22.05
  11	    1144	   23.25
  12	    1021	   24.28
  13	   911.2	   25.17
  14	   812.8	   25.92
  15	   718.6	   26.56
  16	   594.7	   27.07
  17	   397.9	   27.39
  18	   255.3	   27.51
  19	   261.1	   27.59
  20	   264.8	   27.69
  21	     243	   27.79
  22	   191.7	   27.86
  23	   152.8	   27.91
  24	   120.7	   27.94
  25	   95.42	   27.96
  26	   75.99	   27.97
  27	   58.72	   27.98
  28	    43.7	   27.99
  29	   32.04	   27.99
  30	   23.69	   27.99
  31	   17.65	   27.99
  32	    12.1	   27.99
  33	   6.782	   27.99
  34	   4.537	   27.99
  35	   5.583	   27.99
  36	   3.326	   27.99
  37	   1.609	   27.99
  38	   1.865	   27.99
  39	  0.6956	   27.99
  40	   0.742	   27.99
  41	  0.3432	   27.99
  42	  0.4046	   27.99
  43	  0.2305	   27.99
  44	  0.2825	   27.99
  45	  0.1924	   27.99
  46	  0.1424	   27.99
  47	  0.1333	   27.99
  48	 0.06878	   27.99
  49	  0.0497	   27.99
  50	 0.04155	   27.99
  51	 0.02285	   27.99
  52	 0.01391	   27.99
  53	 0.01148	   27.99
  54	0.007327	   27.99
  55	0.004363	   27.99
  56	 0.00375	   27.99
  57	0.002377	   27.99
  58	0.001233	   27.99
  59	0.000795	   27.99
  60	0.0006243	   27.99
  61	0.0004637	   27.99
  62	0.0002707	   27.99
  63	0.0001675	   27.99
  64	0.0001295	   27.99
  65	0.0001025	   27.99
  66	6.806e-05	   27.99
  67	3.098e-05	   27.99
  68	1.829e-05	   27.99
  69	1.532e-05	   27.99
  70	9.428e-06	   27.99
  71	4.911e-06	   27.99
  72	3.215e-06	   27.99
  73	2.046e-06	   27.99
  74	1.645e-06	   27.99
  75	1.041e-06	   27.99
  76	 5.4e-07	   27.99
  77	3.182e-07	   27.99
  78	1.847e-07	   27.99
  79	1.206e-07	   27.99
  80	8.144e-08	   27.99
  81	5.433e-08	   27.99
  82	3.723e-08	   27.99
  83	2.729e-08	   27.99
  84	2.085e-08	   27.99
  85	1.145e-08	   27.99
||x||_2 = 27.99
==================== TIMER SUMMARY =========================================
label               	calls     	total time	mean time	comp. intensity	 mean Gflop/s	mean Gbyte/s
----------------------------------------------
apply_preconditioning	        85	     0.154	  0.001812	      -nan	         0	         0
     apply_stencil3d	        86	   0.02817	 0.0003275	    0.8008	     10.26	     12.81
               axpby	       256	  0.007145	 2.791e-05	     0.125	     28.18	     225.4
           cg_solver	         1	    0.2283	    0.2283	      -nan	         0	         0
                 dot	       256	  0.006389	 2.496e-05	     0.125	     21.01	     168.1
                init	         4	   0.00107	 0.0002674	         0	         0	     7.842
      main_cg_solver	         1	     0.231	     0.231	      -nan	         0	         0
============================================================================
