tol = 1.49012e-08
   0	    8484	       0
   1	    2739	   2.093
   2	    2645	   5.022
   3	    2474	    9.19
   4	    2091	   13.31
   5	    1734	   16.64
   6	    1453	   19.28
   7	    1231	   21.39
   8	    1050	    23.1
   9	   899.3	   24.49
  10	   780.4	   25.61
  11	   818.8	    26.5
  12	    1458	   27.05
  13	   723.4	   27.33
  14	   456.9	   27.52
  15	   577.9	   27.59
  16	   375.5	   27.68
  17	   618.2	   27.78
  18	   333.7	   27.85
  19	   326.1	   27.91
  20	   266.4	   27.93
  21	   169.6	   27.96
  22	   197.8	   27.97
  23	   98.22	   27.98
  24	   119.3	   27.99
  25	   58.99	   27.99
  26	   60.25	   27.99
  27	   36.44	   27.99
  28	   28.19	   27.99
  29	   20.66	   27.99
  30	   11.58	   27.99
  31	   10.08	   27.99
  32	   6.819	   27.99
  33	   8.686	   27.99
  34	   4.138	   27.99
  35	   2.935	   27.99
  36	    1.42	   27.99
  37	   1.835	   27.99
  38	  0.8764	   27.99
  39	  0.6622	   27.99
  40	  0.5603	   27.99
  41	  0.6192	   27.99
  42	  0.3509	   27.99
  43	  0.4007	   27.99
  44	   0.297	   27.99
  45	  0.1602	   27.99
  46	  0.1625	   27.99
  47	 0.09056	   27.99
  48	 0.05883	   27.99
  49	 0.04553	   27.99
  50	 0.02967	   27.99
  51	 0.01664	   27.99
  52	 0.01643	   27.99
  53	0.007104	   27.99
  54	0.008197	   27.99
  55	0.004147	   27.99
  56	 0.00287	   27.99
  57	0.001805	   27.99
  58	0.001224	   27.99
  59	0.0008075	   27.99
  60	0.0006794	   27.99
  61	0.0003586	   27.99
  62	0.0003927	   27.99
  63	0.000161	   27.99
  64	0.0001487	   27.99
  65	8.54e-05	   27.99
  66	6.34e-05	   27.99
  67	3.799e-05	   27.99
  68	2.164e-05	   27.99
  69	1.345e-05	   27.99
  70	8.537e-06	   27.99
  71	6.523e-06	   27.99
  72	4.024e-06	   27.99
  73	2.185e-06	   27.99
  74	1.754e-06	   27.99
  75	1.037e-06	   27.99
  76	7.568e-07	   27.99
  77	3.657e-07	   27.99
  78	2.175e-07	   27.99
  79	1.571e-07	   27.99
  80	1.042e-07	   27.99
  81	7.248e-08	   27.99
  82	4.727e-08	   27.99
  83	4.098e-08	   27.99
  84	2.261e-08	   27.99
  85	2.172e-08	   27.99
  86	1.158e-08	   27.99
||x||_2 = 27.99
==================== TIMER SUMMARY =========================================
label               	calls     	total time	mean time	comp. intensity	 mean Gflop/s	mean Gbyte/s
----------------------------------------------
apply_preconditioning	        86	     0.309	  0.003593	      -nan	         0	         0
     apply_stencil3d	        87	   0.02851	 0.0003276	    0.8008	     10.25	      12.8
               axpby	       259	   0.00736	 2.842e-05	     0.125	     27.67	     221.4
           cg_solver	         1	    0.3847	    0.3847	      -nan	         0	         0
                 dot	       259	  0.006518	 2.516e-05	     0.125	     20.83	     166.7
                init	         4	 0.0009891	 0.0002473	         0	         0	     8.481
      main_cg_solver	         1	    0.3874	    0.3874	      -nan	         0	         0
============================================================================
