tol = 1.49012e-08
   0	    1146	       0
   1	   765.8	   2.038
   2	   535.9	   5.585
   3	   369.8	   7.768
   4	   266.8	   9.171
   5	     194	   10.08
   6	   121.3	   10.62
   7	   56.61	    10.8
   8	   57.33	   10.88
   9	   24.02	   10.93
  10	   27.22	   10.94
  11	   22.27	   10.95
  12	   6.627	   10.95
  13	   5.722	   10.95
  14	   2.037	   10.95
  15	   1.171	   10.95
  16	  0.9516	   10.95
  17	  0.2849	   10.95
  18	  0.1981	   10.95
  19	 0.08897	   10.95
  20	 0.09845	   10.95
  21	 0.04095	   10.95
  22	 0.03006	   10.95
  23	  0.0104	   10.95
  24	0.005466	   10.95
  25	0.002832	   10.95
  26	0.0009194	   10.95
  27	0.0006988	   10.95
  28	0.0002106	   10.95
  29	0.0001344	   10.95
  30	5.043e-05	   10.95
  31	2.847e-05	   10.95
  32	1.154e-05	   10.95
  33	5.348e-06	   10.95
||x||_2 = 10.95
==================== TIMER SUMMARY =========================================
label               	calls     	total time	mean time	comp. intensity	 mean Gflop/s	mean Gbyte/s
----------------------------------------------
apply_preconditioning	        33	    0.0556	  0.001685	      -nan	         0	         0
     apply_stencil3d	        34	  0.005152	 0.0001515	    0.7891	      2.73	      3.46
               axpby	       133	  0.001726	 1.298e-05	     0.125	     7.576	     60.61
           cg_solver	         1	   0.06793	   0.06793	      -nan	         0	         0
                copy	        33	 0.0005967	 1.808e-05	         0	         0	     1.812
                 dot	       133	  0.002354	  1.77e-05	     0.125	     3.702	     29.62
                init	         5	 0.0003907	 7.813e-05	         0	         0	     3.355
      main_cg_solver	         1	   0.06981	   0.06981	      -nan	         0	         0
============================================================================
