tol = 1.49012e-08
index = 2000376, m = 2000376
alpha =  29.6073	beta =   193518
   0	6.842e+04	       0
   1	4.025e+04	   7.846
   2	3.138e+04	   15.26
   3	2.647e+04	   26.02
   4	2.241e+04	   37.31
   5	1.847e+04	   47.03
   6	1.493e+04	   54.76
   7	1.208e+04	   60.76
   8	    9830	    65.4
   9	    8016	      69
  10	    6528	   71.75
  11	    4849	   73.22
  12	    3568	   73.92
  13	    2786	    74.4
  14	    2253	   74.76
  15	    1784	      75
  16	    1362	   75.15
  17	    1022	   75.24
  18	   769.4	   75.29
  19	   593.6	   75.32
  20	   478.3	   75.33
  21	   400.8	   75.33
  22	   339.5	   75.33
  23	   290.8	   75.33
  24	   221.6	   75.33
  25	   172.2	   75.33
  26	     132	   75.32
  27	   102.2	   75.32
  28	   80.99	   75.32
  29	   64.33	   75.32
  30	   51.24	   75.32
  31	   39.63	   75.32
  32	   30.61	   75.32
  33	   24.99	   75.32
  34	   19.51	   75.32
  35	    14.8	   75.32
  36	   11.95	   75.31
  37	   8.856	   75.31
  38	   6.316	   75.31
  39	   4.753	   75.31
  40	   3.715	   75.31
  41	    3.04	   75.31
  42	   2.406	   75.31
  43	   1.739	   75.31
  44	   1.274	   75.31
  45	  0.9317	   75.31
  46	  0.7141	   75.31
  47	  0.5307	   75.31
  48	  0.4107	   75.31
  49	  0.3162	   75.31
  50	  0.2483	   75.31
  51	  0.1845	   75.31
  52	  0.1354	   75.31
  53	 0.09951	   75.31
  54	 0.07813	   75.31
  55	 0.06601	   75.31
  56	 0.04998	   75.31
  57	 0.04119	   75.31
  58	 0.03113	   75.31
  59	 0.02521	   75.31
  60	 0.02046	   75.31
  61	 0.01664	   75.31
  62	 0.01292	   75.31
  63	0.009545	   75.31
  64	0.007642	   75.31
  65	0.005846	   75.31
  66	0.004651	   75.31
  67	 0.00377	   75.31
  68	0.002878	   75.31
  69	0.002276	   75.31
  70	0.001783	   75.31
  71	0.001375	   75.31
  72	0.001055	   75.31
  73	0.0008538	   75.31
  74	0.0006572	   75.31
  75	0.0005395	   75.31
  76	0.0004497	   75.31
  77	0.0003206	   75.31
  78	0.0002657	   75.31
  79	0.0002064	   75.31
  80	0.0001595	   75.31
  81	0.0001056	   75.31
  82	8.272e-05	   75.31
  83	5.876e-05	   75.31
  84	4.739e-05	   75.31
  85	3.839e-05	   75.31
  86	3.077e-05	   75.31
  87	2.461e-05	   75.31
  88	1.865e-05	   75.31
  89	1.307e-05	   75.31
  90	9.837e-06	   75.31
  91	7.611e-06	   75.31
  92	6.367e-06	   75.31
  93	5.053e-06	   75.31
  94	3.761e-06	   75.31
  95	2.991e-06	   75.31
  96	2.337e-06	   75.31
  97	1.874e-06	   75.31
  98	1.427e-06	   75.31
  99	1.091e-06	   75.31
 100	7.253e-07	   75.31
 101	5.572e-07	   75.31
 102	4.482e-07	   75.31
 103	3.46e-07	   75.31
 104	2.843e-07	   75.31
 105	2.294e-07	   75.31
 106	1.654e-07	   75.31
 107	1.299e-07	   75.31
 108	1.028e-07	   75.31
 109	7.948e-08	   75.31
 110	6.357e-08	   75.31
 111	4.88e-08	   75.31
 112	3.56e-08	   75.31
 113	2.528e-08	   75.31
 114	1.831e-08	   75.31
 115	1.331e-08	   75.31
||x||_2 = 75.31
==================== TIMER SUMMARY =========================================
label               	calls     	total time	mean time	comp. intensity	 mean Gflop/s	mean Gbyte/s
----------------------------------------------
apply_preconditioning	       115	     57.79	    0.5025	      -nan	         0	         0
     apply_stencil3d	       116	     4.884	   0.04211	    0.8066	    0.6428	    0.7969
               axpby	       346	    0.7989	  0.002309	     0.125	     2.725	      21.8
           cg_solver	         1	     64.67	     64.67	      -nan	         0	         0
                 dot	       346	    0.8433	  0.002437	     0.125	     1.721	     13.77
                init	         4	   0.01539	  0.003847	         0	         0	     4.361
      main_cg_solver	         1	     64.72	     64.72	      -nan	         0	         0
============================================================================
