tol = 1.49012e-08
   0	    1146	       0
   1	   781.3	   1.417
   2	   703.4	   3.988
   3	   532.8	   6.161
   4	   411.3	   7.695
   5	   323.8	     8.8
   6	   257.2	   9.611
   7	   203.4	    10.2
   8	   143.1	    10.6
   9	   73.14	   10.76
  10	   67.56	   10.83
  11	   50.58	    10.9
  12	   31.32	   10.93
  13	   19.11	   10.94
  14	   11.38	   10.95
  15	   6.149	   10.95
  16	    3.06	   10.95
  17	   1.408	   10.95
  18	   0.885	   10.95
  19	  0.4892	   10.95
  20	  0.1764	   10.95
  21	  0.1087	   10.95
  22	 0.06045	   10.95
  23	 0.04459	   10.95
  24	 0.03063	   10.95
  25	 0.01185	   10.95
  26	0.005824	   10.95
  27	0.003141	   10.95
  28	0.001243	   10.95
  29	0.0005805	   10.95
  30	0.0002552	   10.95
  31	0.0001119	   10.95
  32	4.985e-05	   10.95
  33	2.17e-05	   10.95
  34	9.56e-06	   10.95
  35	4.189e-06	   10.95
  36	1.288e-06	   10.95
  37	5.644e-07	   10.95
  38	2.157e-07	   10.95
  39	1.022e-07	   10.95
  40	3.809e-08	   10.95
  41	1.559e-08	   10.95
  42	7.484e-09	   10.95
||x||_2 = 10.95
==================== TIMER SUMMARY =========================================
label               	calls     	total time	mean time	comp. intensity	 mean Gflop/s	mean Gbyte/s
----------------------------------------------
apply_preconditioning	        42	   0.03506	 0.0008348	      -nan	         0	         0
     apply_stencil3d	        43	  0.006564	 0.0001526	    0.7891	      2.71	     3.435
               axpby	       127	  0.001894	 1.492e-05	     0.125	      6.59	     52.72
           cg_solver	         1	   0.04861	   0.04861	      -nan	         0	         0
                 dot	       127	  0.002308	 1.817e-05	     0.125	     3.607	     28.85
                init	         4	 0.0002922	 7.304e-05	         0	         0	     3.589
      main_cg_solver	         1	   0.05067	   0.05067	      -nan	         0	         0
============================================================================
