tol = 1.49012e-08
index = 27000, m = 27000
alpha =  29.5835	beta =  11502.4
   0	    1146	       0
   1	     771	   3.326
   2	     511	    6.96
   3	   332.7	   8.999
   4	   218.7	   10.18
   5	   112.1	   10.73
   6	   77.11	   10.87
   7	   42.58	   10.94
   8	   25.19	   10.95
   9	   17.59	   10.95
  10	   13.87	   10.95
  11	   8.633	   10.95
  12	   4.491	   10.95
  13	   2.448	   10.95
  14	   1.671	   10.95
  15	  0.9297	   10.95
  16	  0.6072	   10.95
  17	  0.3008	   10.95
  18	  0.1766	   10.95
  19	   0.126	   10.95
  20	 0.07554	   10.95
  21	 0.03901	   10.95
  22	 0.02619	   10.95
  23	 0.01564	   10.95
  24	0.009033	   10.95
  25	0.005606	   10.95
  26	0.002786	   10.95
  27	0.001258	   10.95
  28	0.0005507	   10.95
  29	0.0003428	   10.95
  30	0.0002182	   10.95
  31	0.0001007	   10.95
  32	7.014e-05	   10.95
  33	4.248e-05	   10.95
  34	2.294e-05	   10.95
  35	1.434e-05	   10.95
  36	9.172e-06	   10.95
  37	6.593e-06	   10.95
  38	4.038e-06	   10.95
  39	1.825e-06	   10.95
  40	9.821e-07	   10.95
  41	4.721e-07	   10.95
  42	2.725e-07	   10.95
  43	1.771e-07	   10.95
  44	1.117e-07	   10.95
  45	6.871e-08	   10.95
  46	4.835e-08	   10.95
  47	2.686e-08	   10.95
  48	1.476e-08	   10.95
||x||_2 = 10.95
==================== TIMER SUMMARY =========================================
label               	calls     	total time	mean time	comp. intensity	 mean Gflop/s	mean Gbyte/s
----------------------------------------------
apply_preconditioning	        48	   0.05466	  0.001139	      -nan	         0	         0
     apply_stencil3d	        49	  0.007111	 0.0001451	    0.7891	     2.851	     3.613
               axpby	       145	    0.0021	 1.448e-05	     0.125	     6.788	     54.31
           cg_solver	         1	   0.07068	   0.07068	      -nan	         0	         0
                 dot	       145	  0.002442	 1.684e-05	     0.125	     3.892	     31.14
                init	         4	 0.0003611	 9.028e-05	         0	         0	     2.904
      main_cg_solver	         1	   0.07257	   0.07257	      -nan	         0	         0
============================================================================
