tol = 1.49012e-08
index = 27000, m = 27000
alpha =  29.5835	beta =  11502.4
   0	    1146	       0
   1	   541.2	   6.421
   2	     229	   9.819
   3	   86.76	   10.76
   4	   30.94	   10.93
   5	   9.386	   10.95
   6	   4.084	   10.95
   7	   1.365	   10.95
   8	  0.4961	   10.95
   9	  0.2248	   10.95
  10	 0.06877	   10.95
  11	 0.02458	   10.95
  12	0.007428	   10.95
  13	0.003102	   10.95
  14	0.001158	   10.95
  15	0.0003667	   10.95
  16	0.0001217	   10.95
  17	4.119e-05	   10.95
  18	1.806e-05	   10.95
  19	5.184e-06	   10.95
  20	1.799e-06	   10.95
  21	7.613e-07	   10.95
  22	2.634e-07	   10.95
  23	1.13e-07	   10.95
  24	2.659e-08	   10.95
  25	8.195e-09	   10.95
||x||_2 = 10.95
==================== TIMER SUMMARY =========================================
label               	calls     	total time	mean time	comp. intensity	 mean Gflop/s	mean Gbyte/s
----------------------------------------------
apply_preconditioning	        25	   0.05457	  0.002183	      -nan	         0	         0
     apply_stencil3d	        26	  0.003732	 0.0001435	    0.7891	     2.882	     3.653
               axpby	        76	  0.001097	 1.443e-05	     0.125	     6.813	      54.5
           cg_solver	         1	   0.06442	   0.06442	      -nan	         0	         0
                 dot	        76	  0.001839	  2.42e-05	     0.125	     2.708	     21.66
                init	         4	 0.0003388	 8.469e-05	         0	         0	     3.095
      main_cg_solver	         1	    0.0665	    0.0665	      -nan	         0	         0
============================================================================
