tol = 1.49012e-08
index = 27000, m = 27000
alpha =  29.5835	beta =  11502.4
   0	    1146	       0
   1	   224.5	   9.436
   2	    35.6	   10.87
   3	   5.249	   10.94
   4	  0.7396	   10.95
   5	 0.09133	   10.95
   6	 0.01246	   10.95
   7	0.001421	   10.95
   8	0.0002069	   10.95
   9	2.993e-05	   10.95
  10	2.598e-06	   10.95
  11	3.293e-07	   10.95
  12	5.741e-08	   10.95
  13	5.404e-09	   10.95
||x||_2 = 10.95
==================== TIMER SUMMARY =========================================
label               	calls     	total time	mean time	comp. intensity	 mean Gflop/s	mean Gbyte/s
----------------------------------------------
apply_preconditioning	        13	   0.05614	  0.004319	      -nan	         0	         0
     apply_stencil3d	        14	  0.002057	 0.0001469	    0.7891	     2.815	     3.568
               axpby	        40	 0.0006017	 1.504e-05	     0.125	     6.535	     52.28
           cg_solver	         1	   0.06207	   0.06207	      -nan	         0	         0
                 dot	        40	 0.0006996	 1.749e-05	     0.125	     3.747	     29.98
                init	         4	 0.0003457	 8.643e-05	         0	         0	     3.033
      main_cg_solver	         1	   0.06404	   0.06404	      -nan	         0	         0
============================================================================
