tol = 1.49012e-08
index = 27000, m = 27000
alpha =  29.5835	beta =  11502.4
   0	    1146	       0
   1	   770.6	   1.181
   2	     729	    3.29
   3	   581.5	   5.372
   4	   461.5	   6.933
   5	   374.6	   8.093
   6	   306.9	   8.972
   7	   251.8	   9.646
   8	     206	   10.16
   9	   158.9	   10.54
  10	   80.72	   10.73
  11	   70.51	   10.79
  12	   62.93	   10.87
  13	   42.23	   10.91
  14	   29.09	   10.93
  15	   19.76	   10.94
  16	   12.21	   10.95
  17	   7.027	   10.95
  18	   4.032	   10.95
  19	   1.897	   10.95
  20	   1.229	   10.95
  21	    0.73	   10.95
  22	  0.3949	   10.95
  23	  0.1499	   10.95
  24	 0.09997	   10.95
  25	  0.0863	   10.95
  26	 0.06127	   10.95
  27	 0.04078	   10.95
  28	 0.03011	   10.95
  29	 0.02482	   10.95
  30	 0.02221	   10.95
  31	 0.02104	   10.95
  32	 0.02021	   10.95
  33	  0.0193	   10.95
  34	 0.01807	   10.95
  35	 0.01511	   10.95
  36	0.008981	   10.95
  37	 0.00466	   10.95
  38	 0.00314	   10.95
  39	0.002727	   10.95
  40	0.002576	   10.95
  41	0.002437	   10.95
  42	0.002307	   10.95
  43	0.001946	   10.95
  44	0.001262	   10.95
  45	0.0007608	   10.95
  46	0.0006307	   10.95
  47	0.0005803	   10.95
  48	0.0005316	   10.95
  49	0.0004667	   10.95
  50	0.0003413	   10.95
  51	0.0002436	   10.95
  52	0.0002076	   10.95
  53	0.0001959	   10.95
  54	0.000181	   10.95
  55	0.0001456	   10.95
  56	9.493e-05	   10.95
  57	7.454e-05	   10.95
  58	6.331e-05	   10.95
  59	5.421e-05	   10.95
  60	4.871e-05	   10.95
  61	4.01e-05	   10.95
  62	2.94e-05	   10.95
  63	2.518e-05	   10.95
  64	2.279e-05	   10.95
  65	2.011e-05	   10.95
  66	1.66e-05	   10.95
  67	1.238e-05	   10.95
  68	1.054e-05	   10.95
  69	9.11e-06	   10.95
  70	7.782e-06	   10.95
  71	6.797e-06	   10.95
  72	5.77e-06	   10.95
  73	4.487e-06	   10.95
  74	3.369e-06	   10.95
  75	2.903e-06	   10.95
  76	2.652e-06	   10.95
  77	2.275e-06	   10.95
  78	1.742e-06	   10.95
  79	1.478e-06	   10.95
  80	1.296e-06	   10.95
  81	1.089e-06	   10.95
  82	8.459e-07	   10.95
  83	6.975e-07	   10.95
  84	6.063e-07	   10.95
  85	5.238e-07	   10.95
  86	4.43e-07	   10.95
  87	3.23e-07	   10.95
  88	2.647e-07	   10.95
  89	2.36e-07	   10.95
  90	2.036e-07	   10.95
  91	1.64e-07	   10.95
  92	1.306e-07	   10.95
  93	1.151e-07	   10.95
  94	1.037e-07	   10.95
  95	8.022e-08	   10.95
  96	6.126e-08	   10.95
  97	5.465e-08	   10.95
  98	4.648e-08	   10.95
  99	3.555e-08	   10.95
 100	2.874e-08	   10.95
 101	2.573e-08	   10.95
 102	2.197e-08	   10.95
 103	1.818e-08	   10.95
 104	1.531e-08	   10.95
 105	1.356e-08	   10.95
||x||_2 = 10.95
==================== TIMER SUMMARY =========================================
label               	calls     	total time	mean time	comp. intensity	 mean Gflop/s	mean Gbyte/s
----------------------------------------------
apply_preconditioning	       105	   0.05498	 0.0005237	      -nan	         0	         0
     apply_stencil3d	       106	   0.01539	 0.0001451	    0.7891	      2.85	     3.612
               axpby	       316	  0.004587	 1.452e-05	     0.125	     6.772	     54.18
           cg_solver	         1	   0.08757	   0.08757	      -nan	         0	         0
                 dot	       316	  0.005271	 1.668e-05	     0.125	     3.929	     31.43
                init	         4	 0.0003148	 7.871e-05	         0	         0	      3.33
      main_cg_solver	         1	   0.08963	   0.08963	      -nan	         0	         0
============================================================================
